**************************************2016/01/11_21:45:46******************************************
/home/mtx/data/tide/outdata/haloes/halo/bias_smooth2.5/0.000halo00_wfPk_kappa.hdf5 /home/mtx/data/tide/outdata/haloes/halo/bias_smooth2.5/PS_KK
/home/mtx/github/Tide/src/TIDES.py:114: RuntimeWarning: invalid value encountered in sqrt
  return (fk(k)/Pk(k)/Q)**0.5/k
/home/zhm/haloes/halorhobin1024m1z0.000.dat
/home/mtx/data/tide/outdata/haloes/halo/bias_smooth2.5/
Loading data.................
Save data....................
calculating deltaW...........
deltagx is ok
deltagy is ok
calculating gamma............
calculating kappa_3dx........
calculating kappa_3dx......OK
Save data....................
Loading data.................
Save data....................
Save data....................
Save data....................
get_bin2d1.py:72: RuntimeWarning: divide by zero encountered in divide
  W=pk1/(pk1+Pn/(b**2))
step 1 ok
/home/mtx/data/tide/outdata/haloes/halo/bias_smooth2.5/0.000halo00_wfPk_kappa.hdf5 /home/mtx/data/tide/outdata/haloes/halo/bias_smooth2.5/PS_KK
/home/mtx/data/tide/outdata/haloes/halo/bias_smooth2.5/
Loading hdf5
Loading data.................
Save data....................
Save data....................
Save data....................
step 2 ok
********************************************************************************
**************************************2016/01/12_00:58:33******************************************
/home/mtx/data/tide/outdata/haloes/halo/bias_smooth2.5/0.000halo00_wfPk_kappa.hdf5 /home/mtx/data/tide/outdata/haloes/halo/bias_smooth2.5/PS_KK
result.py:27: RuntimeWarning: invalid value encountered in divide
  W=Ph/(Ph+(1024.**3)/sum)  #wiener filter
result.py:48: RuntimeWarning: invalid value encountered in greater
  deltag[deltag>0]=np.log(deltag[deltag>0])
/home/mtx/github/Tide/src/TIDES.py:114: RuntimeWarning: invalid value encountered in sqrt
  return (fk(k)/Pk(k)/Q)**0.5/k
/home/zhm/haloes/halorhobin1024m1z0.000.dat
/home/mtx/data/tide/outdata/haloes/halo/bias_smooth2.5/
Loading data.................
Save data....................
calculating deltaW...........
deltagx is ok
deltagy is ok
calculating gamma............
calculating kappa_3dx........
calculating kappa_3dx......OK
Save data....................
Loading data.................
Save data....................
Save data....................
Save data....................
step 1 ok
/home/mtx/data/tide/outdata/haloes/halo/bias_smooth2.5/0.000halo00_wfPk_kappa.hdf5 /home/mtx/data/tide/outdata/haloes/halo/bias_smooth2.5/PS_KK
get_bin2d2.py:73: RuntimeWarning: invalid value encountered in divide
  kappa_k[bool]=kappa_k[bool]/b[i,j]*W[i,j]
get_bin2d2.py:73: RuntimeWarning: invalid value encountered in divide
  kappa_k[bool]=kappa_k[bool]/b[i,j]*W[i,j]
get_bin2d2.py:73: RuntimeWarning: invalid value encountered in divide
  kappa_k[bool]=kappa_k[bool]/b[i,j]*W[i,j]
get_bin2d2.py:73: RuntimeWarning: invalid value encountered in divide
  kappa_k[bool]=kappa_k[bool]/b[i,j]*W[i,j]
get_bin2d2.py:73: RuntimeWarning: invalid value encountered in divide
  kappa_k[bool]=kappa_k[bool]/b[i,j]*W[i,j]
get_bin2d2.py:73: RuntimeWarning: invalid value encountered in divide
  kappa_k[bool]=kappa_k[bool]/b[i,j]*W[i,j]
get_bin2d2.py:73: RuntimeWarning: invalid value encountered in divide
  kappa_k[bool]=kappa_k[bool]/b[i,j]*W[i,j]
get_bin2d2.py:73: RuntimeWarning: invalid value encountered in divide
  kappa_k[bool]=kappa_k[bool]/b[i,j]*W[i,j]
get_bin2d2.py:73: RuntimeWarning: invalid value encountered in divide
  kappa_k[bool]=kappa_k[bool]/b[i,j]*W[i,j]
get_bin2d2.py:73: RuntimeWarning: invalid value encountered in divide
  kappa_k[bool]=kappa_k[bool]/b[i,j]*W[i,j]
get_bin2d2.py:73: RuntimeWarning: invalid value encountered in divide
  kappa_k[bool]=kappa_k[bool]/b[i,j]*W[i,j]
get_bin2d2.py:73: RuntimeWarning: invalid value encountered in divide
  kappa_k[bool]=kappa_k[bool]/b[i,j]*W[i,j]
get_bin2d2.py:73: RuntimeWarning: invalid value encountered in divide
  kappa_k[bool]=kappa_k[bool]/b[i,j]*W[i,j]
get_bin2d2.py:73: RuntimeWarning: invalid value encountered in divide
  kappa_k[bool]=kappa_k[bool]/b[i,j]*W[i,j]
get_bin2d2.py:73: RuntimeWarning: invalid value encountered in divide
  kappa_k[bool]=kappa_k[bool]/b[i,j]*W[i,j]
get_bin2d2.py:73: RuntimeWarning: invalid value encountered in divide
  kappa_k[bool]=kappa_k[bool]/b[i,j]*W[i,j]
get_bin2d2.py:73: RuntimeWarning: invalid value encountered in divide
  kappa_k[bool]=kappa_k[bool]/b[i,j]*W[i,j]
get_bin2d2.py:73: RuntimeWarning: invalid value encountered in divide
  kappa_k[bool]=kappa_k[bool]/b[i,j]*W[i,j]
get_bin2d2.py:73: RuntimeWarning: invalid value encountered in divide
  kappa_k[bool]=kappa_k[bool]/b[i,j]*W[i,j]
get_bin2d2.py:73: RuntimeWarning: invalid value encountered in divide
  kappa_k[bool]=kappa_k[bool]/b[i,j]*W[i,j]
get_bin2d2.py:73: RuntimeWarning: invalid value encountered in divide
  kappa_k[bool]=kappa_k[bool]/b[i,j]*W[i,j]
get_bin2d2.py:73: RuntimeWarning: invalid value encountered in divide
  kappa_k[bool]=kappa_k[bool]/b[i,j]*W[i,j]
get_bin2d2.py:73: RuntimeWarning: invalid value encountered in divide
  kappa_k[bool]=kappa_k[bool]/b[i,j]*W[i,j]
get_bin2d2.py:73: RuntimeWarning: invalid value encountered in divide
  kappa_k[bool]=kappa_k[bool]/b[i,j]*W[i,j]
get_bin2d2.py:73: RuntimeWarning: invalid value encountered in divide
  kappa_k[bool]=kappa_k[bool]/b[i,j]*W[i,j]
get_bin2d2.py:73: RuntimeWarning: invalid value encountered in divide
  kappa_k[bool]=kappa_k[bool]/b[i,j]*W[i,j]
get_bin2d2.py:73: RuntimeWarning: invalid value encountered in divide
  kappa_k[bool]=kappa_k[bool]/b[i,j]*W[i,j]
get_bin2d2.py:73: RuntimeWarning: invalid value encountered in divide
  kappa_k[bool]=kappa_k[bool]/b[i,j]*W[i,j]
get_bin2d2.py:73: RuntimeWarning: invalid value encountered in divide
  kappa_k[bool]=kappa_k[bool]/b[i,j]*W[i,j]
get_bin2d2.py:73: RuntimeWarning: invalid value encountered in divide
  kappa_k[bool]=kappa_k[bool]/b[i,j]*W[i,j]
get_bin2d2.py:73: RuntimeWarning: invalid value encountered in divide
  kappa_k[bool]=kappa_k[bool]/b[i,j]*W[i,j]
get_bin2d2.py:73: RuntimeWarning: invalid value encountered in divide
  kappa_k[bool]=kappa_k[bool]/b[i,j]*W[i,j]
/home/mtx/data/tide/outdata/haloes/halo/bias_smooth2.5/
Loading hdf5
Loading data.................
Save data....................
Save data....................
Save data....................
step 2 ok
********************************************************************************
