
------------------------------------------------------------------------------------------

**************************************2016/01/21_12:31:06******************************************
/home/mtx/data/tide/outdata/haloes/halo/bias_smooth2.5_m3/0.000halo00_wfPk_kappa.hdf5 /home/mtx/data/tide/outdata/haloes/halo/bias_smooth2.5_m3/PS_KK
/home/mtx/github/Tide/src/TIDES.py:115: RuntimeWarning: invalid value encountered in sqrt
  return (fk(k)/Pk(k)/Q)**0.5/k
/home/zhm/haloes/halorhobin1024m3z0.000.dat
/home/mtx/data/tide/outdata/haloes/halo/bias_smooth2.5_m3/
Loading data.................
Save data....................
calculating deltaW...........
deltagx is ok
deltagy is ok
calculating gamma............
calculating kappa_3dx........
calculating kappa_3dx......OK
Save data....................
Loading data.................
Save data....................
Save data....................
Save data....................
step 1 ok
/home/mtx/data/tide/outdata/haloes/halo/bias_smooth2.5_m3/0.000halo00_wfPk_kappa.hdf5 /home/mtx/data/tide/outdata/haloes/halo/bias_smooth2.5_m3/PS_KK
/home/mtx/data/tide/outdata/haloes/halo/bias_smooth2.5_m3/
Loading hdf5
Loading data.................
Save data....................
Save data....................
Save data....................
step 2 ok
**************************END IN:    2016/01/21_15:29:32******************************************

------------------------------------------------------------------------------------------

**************************************2016/01/21_16:58:59******************************************
/home/mtx/data/tide/outdata/haloes/halo/bias_smooth2.5_m3/0.000halo00_wfPk_kappa.hdf5 /home/mtx/data/tide/outdata/haloes/halo/bias_smooth2.5_m3/PS_KK
/home/mtx/github/Tide/src/TIDES.py:115: RuntimeWarning: invalid value encountered in sqrt
  return (fk(k)/Pk(k)/Q)**0.5/k
/home/zhm/haloes/halorhobin1024m3z0.000.dat
/home/mtx/data/tide/outdata/haloes/halo/bias_smooth2.5_m3/
Loading data.................
Save data....................
calculating deltaW...........
deltagx is ok
deltagy is ok
calculating gamma............
calculating kappa_3dx........
calculating kappa_3dx......OK
Save data....................
Loading data.................
Save data....................
Save data....................
Save data....................
step 1 ok
/home/mtx/data/tide/outdata/haloes/halo/bias_smooth2.5_m3/0.000halo00_wfPk_kappa.hdf5 /home/mtx/data/tide/outdata/haloes/halo/bias_smooth2.5_m3/PS_KK
/home/mtx/data/tide/outdata/haloes/halo/bias_smooth2.5_m3/
Loading hdf5
Loading data.................
Save data....................
Save data....................
Save data....................
step 2 ok
**************************END IN:    2016/01/21_19:49:36******************************************

------------------------------------------------------------------------------------------

**************************************2016/01/21_20:35:51******************************************
/home/mtx/data/tide/outdata/haloes/halo/bias_smooth2.5_m3/0.000halo00_wfPk_kappa.hdf5 /home/mtx/data/tide/outdata/haloes/halo/bias_smooth2.5_m3/PS_KK
/home/mtx/github/Tide/src/TIDES.py:115: RuntimeWarning: invalid value encountered in sqrt
  return (fk(k)/Pk(k)/Q)**0.5/k
/home/zhm/haloes/halorhobin1024m3z0.000.dat
/home/mtx/data/tide/outdata/haloes/halo/bias_smooth2.5_m3/
Loading data.................
Save data....................
calculating deltaW...........
deltagx is ok
deltagy is ok
calculating gamma............
calculating kappa_3dx........
calculating kappa_3dx......OK
Save data....................
Loading data.................
Save data....................
Save data....................
Save data....................
step 1 ok
/home/mtx/data/tide/outdata/haloes/halo/bias_smooth2.5_m3/0.000halo00_wfPk_kappa.hdf5 /home/mtx/data/tide/outdata/haloes/halo/bias_smooth2.5_m3/PS_KK
/home/mtx/data/tide/outdata/haloes/halo/bias_smooth2.5_m3/
Loading hdf5
Loading data.................
Save data....................
Save data....................
Save data....................
step 2 ok
**************************END IN:    2016/01/21_23:58:59******************************************
