**************************************2016/01/12_15:00:55******************************************
/home/mtx/data/tide/outdata/haloes/halo/bias_smooth2.5_m2/0.000halo00_wfPk_kappa.hdf5 /home/mtx/data/tide/outdata/haloes/halo/bias_smooth2.5_m2/PS_KK
/home/mtx/github/Tide/src/TIDES.py:114: RuntimeWarning: invalid value encountered in sqrt
  return (fk(k)/Pk(k)/Q)**0.5/k
/home/zhm/haloes/halorhobin1024m2z0.000.dat
/home/mtx/data/tide/outdata/haloes/halo/bias_smooth2.5_m2/
Loading data.................
Save data....................
calculating deltaW...........
deltagx is ok
deltagy is ok
calculating gamma............
calculating kappa_3dx........
calculating kappa_3dx......OK
Save data....................
Loading data.................
Save data....................
Save data....................
Save data....................
step 1 ok
/home/mtx/data/tide/outdata/haloes/halo/bias_smooth2.5_m2/0.000halo00_wfPk_kappa.hdf5 /home/mtx/data/tide/outdata/haloes/halo/bias_smooth2.5_m2/PS_KK
/home/mtx/data/tide/outdata/haloes/halo/bias_smooth2.5_m2/
Loading hdf5
Loading data.................
Save data....................
Save data....................
Save data....................
step 2 ok
********************************************************************************
**************************************2016/01/12_23:04:02******************************************
/home/mtx/data/tide/outdata/haloes/halo/bias_smooth2.5_m2/0.000halo00_wfPk_kappa.hdf5 /home/mtx/data/tide/outdata/haloes/halo/bias_smooth2.5_m2/PS_KK
/home/mtx/github/Tide/src/TIDES.py:114: RuntimeWarning: invalid value encountered in sqrt
  return (fk(k)/Pk(k)/Q)**0.5/k
/home/zhm/haloes/halorhobin1024m2z0.000.dat
/home/mtx/data/tide/outdata/haloes/halo/bias_smooth2.5_m2/
Loading data.................
Save data....................
calculating deltaW...........
deltagx is ok
deltagy is ok
calculating gamma............
calculating kappa_3dx........
calculating kappa_3dx......OK
Save data....................
Loading data.................
Save data....................
Save data....................
Save data....................
step 1 ok
/home/mtx/data/tide/outdata/haloes/halo/bias_smooth2.5_m2/0.000halo00_wfPk_kappa.hdf5 /home/mtx/data/tide/outdata/haloes/halo/bias_smooth2.5_m2/PS_KK
/home/mtx/data/tide/outdata/haloes/halo/bias_smooth2.5_m2/
Loading hdf5
Loading data.................
Save data....................
Save data....................
Save data....................
step 2 ok
********************************************************************************
**************************************2016/01/19_10:13:08******************************************
/home/mtx/data/tide/outdata/haloes/halo/bias_smooth1.25_m2_gau/0.000halo00_wfPk_kappa.hdf5 /home/mtx/data/tide/outdata/haloes/halo/bias_smooth1.25_m2_gau/PS_KK
/home/mtx/data/tide/haloes/halorhobin1024m3z0.000.dat.hdf5
/home/mtx/data/tide/outdata/haloes/halo/bias_smooth1.25_m2_gau/
Loading hdf5
4154469.01472
Save data....................
Save data....................
Gau.................................
Loading hdf5
Save data....................
ok
/home/mtx/github/Tide/src/TIDES.py:115: RuntimeWarning: invalid value encountered in sqrt
  return (fk(k)/Pk(k)/Q)**0.5/k
Loading hdf5
calculating deltaW...........
deltagx is ok
deltagy is ok
calculating gamma............
calculating kappa_3dx........
calculating kappa_3dx......OK
Save data....................
Loading data.................
Save data....................
Save data....................
Save data....................
step 1 ok
/home/mtx/data/tide/outdata/haloes/halo/bias_smooth1.25_m2_gau/0.000halo00_wfPk_kappa.hdf5 /home/mtx/data/tide/outdata/haloes/halo/bias_smooth1.25_m2_gau/PS_KK
/home/mtx/data/tide/outdata/haloes/halo/bias_smooth1.25_m2_gau/
Loading hdf5
Loading data.................
Save data....................
Save data....................
Save data....................
step 2 ok
******************************END IN:*2016/01/19_16:42:38******************************************
