nohup: 忽略输入
Reading..
Finish reading data...
Finish fftw for the first time...a1r-->a1k
Finish fftw for the second time...derivatives
Finish fftw for the third time...tidal shear
Finishig IFFT ......Generating kappa
Begin to output...
Reading..
Finish reading data...
Finish fftw for the first time...a1r-->a1k
Finish fftw for the second time...derivatives
Finish fftw for the third time...tidal shear
Finishig IFFT ......Generating kappa
Begin to output...
Reading..
Finish reading data...
Finish fftw for the first time...a1r-->a1k
Finish fftw for the second time...derivatives
Finish fftw for the third time...tidal shear
Finishig IFFT ......Generating kappa
Begin to output...
Reading..
Finish reading data...
Finish fftw for the first time...a1r-->a1k
Finish fftw for the second time...derivatives
Finish fftw for the third time...tidal shear
Finishig IFFT ......Generating kappa
Begin to output...
Reading..
Finish reading data...
Finish fftw for the first time...a1r-->a1k
Finish fftw for the second time...derivatives
Finish fftw for the third time...tidal shear
Finishig IFFT ......Generating kappa
Begin to output...
Reading..
Finish reading data...
Finish fftw for the first time...a1r-->a1k
Finish fftw for the second time...derivatives
Finish fftw for the third time...tidal shear
Finishig IFFT ......Generating kappa
Begin to output...
