/home/mtx/data/tide/outdata/tides00/0.000den00_wfPk_kappa.hdf5 /home/mtx/data/tide/outdata/tides00/PS_KK
/home/mtx/github/Tide/src/TIDES.py:115: RuntimeWarning: invalid value encountered in sqrt
  return (fk(k)/Pk(k)/Q)**0.5/k
/home/zhm/tides00/0.000den00.bin
/home/mtx/data/tide/outdata/tides00/
Loading data.................
Smoothing....................
Smoothing..................OK
calculating deltaW...........
deltagx is ok
deltagy is ok
calculating gamma............
calculating kappa_3dx........
calculating kappa_3dx......OK
Save data....................
Save data....................
Save data....................
Save data....................
tides00 step1 ok
/home/mtx/data/tide/outdata/tides00/
Loading hdf5
Loading data.................
Save data....................
Save data....................
Save data....................
tides00 step2 ok
17578.77user 9554.17system 3:12:26elapsed 234%CPU (0avgtext+0avgdata 816609680maxresident)k
67109472inputs+67191056outputs (279major+29733113minor)pagefaults 0swaps
