
------------------------------------------------------------------------------------------

**************************************2016/02/02_11:33:16******************************************
/home/mtx/data/tide/halo_new/outdata//halo//0.000halo00_wfPk_kappa.hdf5 /home/mtx/data/tide/outdata//halo//PS_KK
/home/mtx/github/Tide/src/TIDES.py:116: RuntimeWarning: invalid value encountered in sqrt
  return (fk(k)/Pk(k)/Q)**0.5/k
/home/zhm/tides20/0.000halo.bin
/home/mtx/data/tide/halo_new/outdata/
Loading data  in  filename
1.06757e+06
Save data....................
Gau.................................
step 1
step 2
sum1= 0.999999055402
sum2= 1.0
Save data....................
step 3
ok
Gau... ok
calculating deltaW...........
deltagx is ok
deltagy is ok
calculating gamma............
calculating kappa_3dx........
calculating kappa_3dx......OK
Save data....................
Loading data  in  filename
Save data....................
Save data....................
Save data....................
Killed by signal 1.
Killed by signal 1.
Killed by signal 1.
step 1 ok
/home/mtx/data/tide/halo_new/outdata/0.000halo00_wfPk_kappa.hdf5 /home/mtx/data/tide/halo_new/outdata/PS_KK
/home/mtx/data/tide/halo_new/outdata/
Loading hdf5
Loading data  in  filename
Save data....................
Save data....................
Save data....................
step 2 ok
**************************END IN:    2016/02/02_16:28:33******************************************

------------------------------------------------------------------------------------------

**************************************2016/02/02_18:40:07******************************************
/home/mtx/data/tide/halo_new/outdata//halo//0.000halo00_wfPk_kappa.hdf5 /home/mtx/data/tide/outdata//halo//PS_KK
/home/mtx/github/Tide/src/TIDES.py:116: RuntimeWarning: invalid value encountered in sqrt
  return (fk(k)/Pk(k)/Q)**0.5/k
/home/zhm/tides20/0.000halo.bin
/home/mtx/data/tide/halo_new/outdata/
Loading data  in  filename
1.06757e+06
Save data....................
Gau.................................
step 1
step 2
sum1= 0.999999055402
sum2= 1.0
Save data....................
step 3
ok
Gau... ok
calculating deltaW...........
deltagx is ok
deltagy is ok
calculating gamma............
calculating kappa_3dx........
calculating kappa_3dx......OK
Save data....................
Loading data  in  filename
Save data....................
Save data....................
Save data....................
step 1 ok
/home/mtx/data/tide/halo_new/outdata/0.000halo00_wfPk_kappa.hdf5 /home/mtx/data/tide/halo_new/outdata/PS_KK
/home/mtx/data/tide/halo_new/outdata/
Loading hdf5
Loading data  in  filename
Save data....................
Save data....................
Save data....................
step 2 ok
**************************END IN:    2016/02/02_22:19:22******************************************

------------------------------------------------------------------------------------------

**************************************2016/02/03_08:20:06******************************************
/home/mtx/data/tide/halo_new/outdata//halo//0.000halo00_wfPk_kappa.hdf5 /home/mtx/data/tide/outdata//halo//PS_KK
/home/mtx/github/Tide/src/TIDES.py:116: RuntimeWarning: invalid value encountered in sqrt
  return (fk(k)/Pk(k)/Q)**0.5/k
/home/zhm/tides20/0.000halo.bin
/home/mtx/data/tide/halo_new/outdata/
Loading data  in  filename
1.06757e+06
Save data....................
Gau.................................
step 1
step 2
sum1= 0.999999055402
sum2= 0.999999999999
Save data....................
step 3
ok
Gau... ok
calculating deltaW...........
deltagx is ok
deltagy is ok
calculating gamma............
calculating kappa_3dx........
calculating kappa_3dx......OK
Save data....................
Loading data  in  filename
Save data....................
Save data....................
Save data....................
step 1 ok
/home/mtx/data/tide/halo_new/outdata/0.000halo00_wfPk_kappa.hdf5 /home/mtx/data/tide/halo_new/outdata/PS_KK
/home/mtx/data/tide/halo_new/outdata/
Loading hdf5
Loading data  in  filename
Save data....................
Save data....................
Save data....................
step 2 ok
**************************END IN:    2016/02/03_12:44:14******************************************

------------------------------------------------------------------------------------------

**************************************2016/02/03_15:29:17******************************************
/home/mtx/data/tide/halo_new/outdata//halo//0.000halo00_wfPk_kappa.hdf5 /home/mtx/data/tide/outdata//halo//PS_KK
/home/mtx/github/Tide/src/TIDES.py:116: RuntimeWarning: invalid value encountered in sqrt
  return (fk(k)/Pk(k)/Q)**0.5/k
/home/zhm/tides20/0.000halo.bin
/home/mtx/data/tide/halo_new/outdata/
Loading data  in  filename
1.06757e+06
Save data....................
Gau.................................
step 1
step 2
sum1= 0.999999055401
sum2= 1.0
Save data....................
step 3
ok
Gau... ok
calculating deltaW...........
deltagx is ok
deltagy is ok
calculating gamma............
calculating kappa_3dx........
calculating kappa_3dx......OK
Save data....................
Loading data  in  filename
Save data....................
Save data....................
Save data....................
step 1 ok
/home/mtx/data/tide/halo_new/outdata/0.000halo00_wfPk_kappa.hdf5 /home/mtx/data/tide/halo_new/outdata/PS_KK
/home/mtx/data/tide/halo_new/outdata/
Loading hdf5
Loading data  in  filename
Save data....................
Save data....................
Save data....................
step 2 ok
**************************END IN:    2016/02/03_18:40:53******************************************

------------------------------------------------------------------------------------------

**************************************2016/02/04_16:22:44******************************************
/home/mtx/data/tide/halo_new/outdata//halo//0.000halo00_wfPk_kappa.hdf5 /home/mtx/data/tide/outdata//halo//PS_KK
/home/mtx/github/Tide/src/TIDES.py:116: RuntimeWarning: invalid value encountered in sqrt
  return (fk(k)/Pk(k)/Q)**0.5/k
/home/zhm/tides20/0.000halo.bin
/home/mtx/data/tide/halo_new/outdata/
Loading data  in  filename
1.06757e+06
Save data....................
Gau.................................
step 1
step 2
sum1= 0.999999055401
sum2= 1.0
Save data....................
step 3
ok
Gau... ok
calculating deltaW...........
deltagx is ok
deltagy is ok
calculating gamma............
calculating kappa_3dx........
calculating kappa_3dx......OK
Save data....................
Loading data  in  filename
Save data....................
Save data....................
Save data....................
step 1 ok
/home/mtx/data/tide/halo_new/outdata/0.000halo00_wfPk_kappa.hdf5 /home/mtx/data/tide/halo_new/outdata/PS_KK
/home/mtx/data/tide/halo_new/outdata/
Loading hdf5
Loading data  in  filename
Save data....................
Save data....................
Save data....................
step 2 ok
**************************END IN:    2016/02/04_19:51:48******************************************

------------------------------------------------------------------------------------------

**************************************2016/02/04_21:41:41******************************************
/home/mtx/data/tide/halo_new/outdata//halo//0.000halo00_wfPk_kappa.hdf5 /home/mtx/data/tide/outdata//halo//PS_KK
/home/mtx/github/Tide/src/TIDES.py:116: RuntimeWarning: invalid value encountered in sqrt
  return (fk(k)/Pk(k)/Q)**0.5/k
/home/zhm/tides20/0.000halo.bin
/home/mtx/data/tide/halo_new/outdata/
Loading data  in  filename
1.06757e+06
Save data....................
Gau.................................
step 1
step 2
sum1= 0.999999055402
sum2= 0.999999999999
Save data....................
step 3
ok
Gau... ok
calculating deltaW...........
deltagx is ok
deltagy is ok
calculating gamma............
calculating kappa_3dx........
calculating kappa_3dx......OK
Save data....................
Loading data  in  filename
Save data....................
Save data....................
Save data....................
step 1 ok
/home/mtx/data/tide/halo_new/outdata/0.000halo00_wfPk_kappa.hdf5 /home/mtx/data/tide/halo_new/outdata/PS_KK
/home/mtx/data/tide/halo_new/outdata/
Loading hdf5
Loading data  in  filename
Save data....................
Save data....................
Save data....................
step 2 ok
**************************END IN:    2016/02/05_01:00:08******************************************
