**************************************2016/01/16_09:43:28******************************************
/home/mtx/data/tide/outdata/haloes/halo/bias_smooth2.5_m3_gau/0.000halo00_wfPk_kappa.hdf5 /home/mtx/data/tide/outdata/haloes/halo/bias_smooth2.5_m3_gau/PS_KK
/home/mtx/data/tide/haloes/halorhobin1024m3z0.000.dat.hdf5
/home/mtx/data/tide/outdata/haloes/halo/bias_smooth2.5_m3_gau/
Loading hdf5
Save data....................
Save data....................
Gau.................................
Loading hdf5
/home/mtx/github/Tide/src/TIDES.py:115: RuntimeWarning: invalid value encountered in sqrt
  return (fk(k)/Pk(k)/Q)**0.5/k
Loading hdf5
calculating deltaW...........
deltagx is ok
deltagy is ok
calculating gamma............
calculating kappa_3dx........
calculating kappa_3dx......OK
Save data....................
Loading data.................
Save data....................
Save data....................
Save data....................
step 1 ok
/home/mtx/data/tide/outdata/haloes/halo/bias_smooth2.5_m3_gau/0.000halo00_wfPk_kappa.hdf5 /home/mtx/data/tide/outdata/haloes/halo/bias_smooth2.5_m3_gau/PS_KK
/home/mtx/data/tide/outdata/haloes/halo/bias_smooth2.5_m3_gau/
Loading hdf5
Loading data.................
Save data....................
Save data....................
Save data....................
step 2 ok
********************************************************************************
**************************************2016/01/18_10:55:04******************************************
/home/mtx/data/tide/outdata/haloes/halo/bias_smooth2.5_m3_gau/0.000halo00_wfPk_kappa.hdf5 /home/mtx/data/tide/outdata/haloes/halo/bias_smooth2.5_m3_gau/PS_KK
/home/mtx/data/tide/haloes/halorhobin1024m3z0.000.dat.hdf5
/home/mtx/data/tide/outdata/haloes/halo/bias_smooth2.5_m3_gau/
Loading hdf5
Save data....................
Save data....................
Gau.................................
Loading hdf5
Save data....................
ok
/home/mtx/github/Tide/src/TIDES.py:115: RuntimeWarning: invalid value encountered in sqrt
  return (fk(k)/Pk(k)/Q)**0.5/k
Loading hdf5
calculating deltaW...........
deltagx is ok
deltagy is ok
calculating gamma............
calculating kappa_3dx........
calculating kappa_3dx......OK
Save data....................
Loading data.................
Save data....................
Save data....................
Save data....................
step 1 ok
/home/mtx/data/tide/outdata/haloes/halo/bias_smooth2.5_m3_gau/0.000halo00_wfPk_kappa.hdf5 /home/mtx/data/tide/outdata/haloes/halo/bias_smooth2.5_m3_gau/PS_KK
/home/mtx/data/tide/outdata/haloes/halo/bias_smooth2.5_m3_gau/
Loading hdf5
Loading data.................
Save data....................
Save data....................
Save data....................
step 2 ok
********************************************************************************
**************************************2016/01/18_21:32:28******************************************
/home/mtx/data/tide/outdata/haloes/halo/bias_smooth2.5_m3_gau/0.000halo00_wfPk_kappa.hdf5 /home/mtx/data/tide/outdata/haloes/halo/bias_smooth2.5_m3_gau/PS_KK
/home/mtx/github/Tide/src/TIDES.py:115: RuntimeWarning: invalid value encountered in sqrt
  return (fk(k)/Pk(k)/Q)**0.5/k
Loading hdf5
calculating deltaW...........
deltagx is ok
deltagy is ok
calculating gamma............
calculating kappa_3dx........
calculating kappa_3dx......OK
Save data....................
Loading data.................
Save data....................
Save data....................
Save data....................
step 1 ok
/home/mtx/data/tide/outdata/haloes/halo/bias_smooth2.5_m3_gau/0.000halo00_wfPk_kappa.hdf5 /home/mtx/data/tide/outdata/haloes/halo/bias_smooth2.5_m3_gau/PS_KK
/home/mtx/data/tide/outdata/haloes/halo/bias_smooth2.5_m3_gau/
Loading hdf5
Loading data.................
Save data....................
Save data....................
Save data....................
step 2 ok
******************************END IN:*2016/01/19_00:01:20******************************************
**************************************2016/01/22_16:43:18******************************************
/home/mtx/data/tide/outdata/haloes/halo/bias_smooth2.5_m3_gau/0.000halo00_wfPk_kappa.hdf5 /home/mtx/data/tide/outdata/haloes/halo/bias_smooth2.5_m3_gau/PS_KK
/home/mtx/data/tide/haloes/halorhobin1024m3z0.000.dat.hdf5
/home/mtx/data/tide/outdata/haloes/halo/bias_smooth2.5_m3_gau/
Loading hdf5
Save data....................
Save data....................
Gau.................................
Loading hdf5
Save data....................
Traceback (most recent call last):
  File "/home/mtx/github/Tide/src/Gau.py", line 57, in <module>
    plt.subplot(2,1,1)
  File "/opt/python-2.7.5-mkl/lib/python2.7/site-packages/matplotlib/pyplot.py", line 796, in subplot
    fig = gcf()
  File "/opt/python-2.7.5-mkl/lib/python2.7/site-packages/matplotlib/pyplot.py", line 370, in gcf
    return figure()
  File "/opt/python-2.7.5-mkl/lib/python2.7/site-packages/matplotlib/pyplot.py", line 343, in figure
    **kwargs)
  File "/opt/python-2.7.5-mkl/lib/python2.7/site-packages/matplotlib/backends/backend_tkagg.py", line 79, in new_figure_manager
    return new_figure_manager_given_figure(num, figure)
  File "/opt/python-2.7.5-mkl/lib/python2.7/site-packages/matplotlib/backends/backend_tkagg.py", line 87, in new_figure_manager_given_figure
    window = Tk.Tk()
  File "/opt/python-2.7.5-mkl/lib/python2.7/lib-tk/Tkinter.py", line 1745, in __init__
    self.tk = _tkinter.create(screenName, baseName, className, interactive, wantobjects, useTk, sync, use)
_tkinter.TclError: couldn't connect to display "localhost:17.0"
/home/mtx/github/Tide/src/TIDES.py:115: RuntimeWarning: invalid value encountered in sqrt
  return (fk(k)/Pk(k)/Q)**0.5/k
Loading hdf5
calculating deltaW...........
deltagx is ok
deltagy is ok
calculating gamma............
calculating kappa_3dx........
calculating kappa_3dx......OK
Save data....................
Loading data.................
Save data....................
Save data....................
Save data....................
step 1 ok
/home/mtx/data/tide/outdata/haloes/halo/bias_smooth2.5_m3_gau/0.000halo00_wfPk_kappa.hdf5 /home/mtx/data/tide/outdata/haloes/halo/bias_smooth2.5_m3_gau/PS_KK
/home/mtx/data/tide/outdata/haloes/halo/bias_smooth2.5_m3_gau/
Loading hdf5
Loading data.................
Save data....................
Save data....................
Save data....................
step 2 ok
******************************END IN:*2016/01/22_23:04:54******************************************
**************************************2016/01/23_00:40:14******************************************
/home/mtx/data/tide/outdata/haloes/halo/bias_smooth2.5_m3_gau/0.000halo00_wfPk_kappa.hdf5 /home/mtx/data/tide/outdata/haloes/halo/bias_smooth2.5_m3_gau/PS_KK
/home/mtx/data/tide/haloes/halorhobin1024m3z0.000.dat.hdf5
/home/mtx/data/tide/outdata/haloes/halo/bias_smooth2.5_m3_gau/
Loading hdf5
Save data....................
Save data....................
Gau.................................
Loading hdf5
Save data....................
ok
/home/mtx/github/Tide/src/TIDES.py:115: RuntimeWarning: invalid value encountered in sqrt
  return (fk(k)/Pk(k)/Q)**0.5/k
Loading hdf5
calculating deltaW...........
deltagx is ok
deltagy is ok
calculating gamma............
calculating kappa_3dx........
calculating kappa_3dx......OK
Save data....................
Loading data.................
Save data....................
Save data....................
Save data....................
step 1 ok
/home/mtx/data/tide/outdata/haloes/halo/bias_smooth2.5_m3_gau/0.000halo00_wfPk_kappa.hdf5 /home/mtx/data/tide/outdata/haloes/halo/bias_smooth2.5_m3_gau/PS_KK
/home/mtx/data/tide/outdata/haloes/halo/bias_smooth2.5_m3_gau/
Loading hdf5
Loading data.................
Save data....................
Save data....................
Save data....................
step 2 ok
******************************END IN:*2016/01/23_06:50:14******************************************
