
------------------------------------------------------------------------------------------

**************************************2016/02/04_09:39:09******************************************
/home/mtx/data/tide/halo_new/outdata/log_data//halo//0.000halo00_wfPk_kappa.hdf5 /home/mtx/data/tide/outdata/log_data//halo//PS_KK
/home/mtx/github/Tide/src/TIDES.py:116: RuntimeWarning: invalid value encountered in sqrt
  return (fk(k)/Pk(k)/Q)**0.5/k
/home/zhm/tides20/0.000halo.bin
/home/mtx/data/tide/halo_new/outdata/log_data/
Loading data  in  filename
1.06757e+06
Save data....................
Gau... ok
calculating deltaW...........
deltagx is ok
deltagy is ok
calculating gamma............
calculating kappa_3dx........
calculating kappa_3dx......OK
Save data....................
Loading data  in  filename
Save data....................
Save data....................
Save data....................
step 1 ok
/home/mtx/data/tide/halo_new/outdata/log_data/0.000halo00_wfPk_kappa.hdf5 /home/mtx/data/tide/halo_new/outdata/log_data/PS_KK
/home/mtx/data/tide/halo_new/outdata/log_data/
Loading hdf5
Loading data  in  filename
Save data....................
Save data....................
Save data....................
step 2 ok
**************************END IN:    2016/02/04_12:48:45******************************************
