
------------------------------------------------------------------------------------------

**************************************2016/01/21_12:31:06******************************************
/home/mtx/data/tide/outdata/haloes/halo/bias_smooth2.5_m3/0.000halo00_wfPk_kappa.hdf5 /home/mtx/data/tide/outdata/haloes/halo/bias_smooth2.5_m3/PS_KK
/home/mtx/github/Tide/src/TIDES.py:115: RuntimeWarning: invalid value encountered in sqrt
  return (fk(k)/Pk(k)/Q)**0.5/k
/home/zhm/haloes/halorhobin1024m3z0.000.dat
/home/mtx/data/tide/outdata/haloes/halo/bias_smooth2.5_m3/
Loading data.................
Save data....................
calculating deltaW...........
deltagx is ok
deltagy is ok
calculating gamma............
calculating kappa_3dx........
calculating kappa_3dx......OK
Save data....................
Loading data.................
Save data....................
Save data....................
Save data....................
step 1 ok
/home/mtx/data/tide/outdata/haloes/halo/bias_smooth2.5_m3/0.000halo00_wfPk_kappa.hdf5 /home/mtx/data/tide/outdata/haloes/halo/bias_smooth2.5_m3/PS_KK
/home/mtx/data/tide/outdata/haloes/halo/bias_smooth2.5_m3/
Loading hdf5
Loading data.................
Save data....................
Save data....................
Save data....................
step 2 ok
**************************END IN:    2016/01/21_15:29:32******************************************

------------------------------------------------------------------------------------------

**************************************2016/01/21_16:58:59******************************************
/home/mtx/data/tide/outdata/haloes/halo/bias_smooth2.5_m3/0.000halo00_wfPk_kappa.hdf5 /home/mtx/data/tide/outdata/haloes/halo/bias_smooth2.5_m3/PS_KK
/home/mtx/github/Tide/src/TIDES.py:115: RuntimeWarning: invalid value encountered in sqrt
  return (fk(k)/Pk(k)/Q)**0.5/k
/home/zhm/haloes/halorhobin1024m3z0.000.dat
/home/mtx/data/tide/outdata/haloes/halo/bias_smooth2.5_m3/
Loading data.................
Save data....................
calculating deltaW...........
deltagx is ok
deltagy is ok
calculating gamma............
calculating kappa_3dx........
calculating kappa_3dx......OK
Save data....................
Loading data.................
Save data....................
Save data....................
Save data....................
step 1 ok
/home/mtx/data/tide/outdata/haloes/halo/bias_smooth2.5_m3/0.000halo00_wfPk_kappa.hdf5 /home/mtx/data/tide/outdata/haloes/halo/bias_smooth2.5_m3/PS_KK
/home/mtx/data/tide/outdata/haloes/halo/bias_smooth2.5_m3/
Loading hdf5
Loading data.................
Save data....................
Save data....................
Save data....................
step 2 ok
**************************END IN:    2016/01/21_19:49:36******************************************

------------------------------------------------------------------------------------------

**************************************2016/01/21_20:35:51******************************************
/home/mtx/data/tide/outdata/haloes/halo/bias_smooth2.5_m3/0.000halo00_wfPk_kappa.hdf5 /home/mtx/data/tide/outdata/haloes/halo/bias_smooth2.5_m3/PS_KK
/home/mtx/github/Tide/src/TIDES.py:115: RuntimeWarning: invalid value encountered in sqrt
  return (fk(k)/Pk(k)/Q)**0.5/k
/home/zhm/haloes/halorhobin1024m3z0.000.dat
/home/mtx/data/tide/outdata/haloes/halo/bias_smooth2.5_m3/
Loading data.................
Save data....................
calculating deltaW...........
deltagx is ok
deltagy is ok
calculating gamma............
calculating kappa_3dx........
calculating kappa_3dx......OK
Save data....................
Loading data.................
Save data....................
Save data....................
Save data....................
step 1 ok
/home/mtx/data/tide/outdata/haloes/halo/bias_smooth2.5_m3/0.000halo00_wfPk_kappa.hdf5 /home/mtx/data/tide/outdata/haloes/halo/bias_smooth2.5_m3/PS_KK
/home/mtx/data/tide/outdata/haloes/halo/bias_smooth2.5_m3/
Loading hdf5
Loading data.................
Save data....................
Save data....................
Save data....................
step 2 ok
**************************END IN:    2016/01/21_23:58:59******************************************

------------------------------------------------------------------------------------------

**************************************2016/01/22_10:38:23******************************************
/home/mtx/data/tide/outdata/haloes/halo/bias_smooth2.5_m3/0.000halo00_wfPk_kappa.hdf5 /home/mtx/data/tide/outdata/haloes/halo/bias_smooth2.5_m3/PS_KK
/home/mtx/github/Tide/src/TIDES.py:115: RuntimeWarning: invalid value encountered in sqrt
  return (fk(k)/Pk(k)/Q)**0.5/k
/home/zhm/haloes/halorhobin1024m3z0.000.dat
/home/mtx/data/tide/outdata/haloes/halo/bias_smooth2.5_m3/
Loading data.................
Save data....................
calculating deltaW...........
deltagx is ok
deltagy is ok
calculating gamma............
calculating kappa_3dx........
calculating kappa_3dx......OK
Save data....................
Loading data.................
Save data....................
Save data....................
Save data....................
step 1 ok
/home/mtx/data/tide/outdata/haloes/halo/bias_smooth2.5_m3/0.000halo00_wfPk_kappa.hdf5 /home/mtx/data/tide/outdata/haloes/halo/bias_smooth2.5_m3/PS_KK
/home/mtx/data/tide/outdata/haloes/halo/bias_smooth2.5_m3/
Loading hdf5
Loading data.................
Save data....................
Save data....................
Save data....................
step 2 ok
**************************END IN:    2016/01/22_13:32:21******************************************

------------------------------------------------------------------------------------------

**************************************2016/01/25_14:50:20******************************************
/home/mtx/data/tide/outdata/haloes/halo/bias_smooth2.5_m3/0.000halo00_wfPk_kappa.hdf5 /home/mtx/data/tide/outdata/haloes/halo/bias_smooth2.5_m3/PS_KK
[fat:73159] *** Process received signal ***
[fat:73159] Signal: Floating point exception (8)
[fat:73159] Signal code: Integer divide-by-zero (1)
[fat:73159] Failing at address: 0x7f4ac1d1370d
[fat:73159] [ 0] /lib64/libpthread.so.0[0x33e6e0f4a0]
[fat:73159] [ 1] /opt/python-2.7.5-mkl/lib/python2.7/site-packages/numpy/fft/fftpack_lite.so(cfftf+0xcd)[0x7f4ac1d1370d]
[fat:73159] [ 2] /opt/python-2.7.5-mkl/lib/python2.7/site-packages/numpy/fft/fftpack_lite.so(fftpack_cfftf+0x1b2)[0x7f4ac1d102c2]
[fat:73159] [ 3] python(PyEval_EvalFrameEx+0x5600)[0x4a8820]
[fat:73159] [ 4] python(PyEval_EvalCodeEx+0x877)[0x4aa307]
[fat:73159] [ 5] python(PyEval_EvalFrameEx+0x5294)[0x4a84b4]
[fat:73159] [ 6] python(PyEval_EvalCodeEx+0x877)[0x4aa307]
[fat:73159] [ 7] python(PyEval_EvalFrameEx+0x5294)[0x4a84b4]
[fat:73159] [ 8] python(PyEval_EvalCodeEx+0x877)[0x4aa307]
[fat:73159] [ 9] python(PyEval_EvalFrameEx+0x5294)[0x4a84b4]
[fat:73159] [10] python(PyEval_EvalCodeEx+0x877)[0x4aa307]
[fat:73159] [11] python(PyEval_EvalFrameEx+0x5294)[0x4a84b4]
[fat:73159] [12] python(PyEval_EvalCodeEx+0x877)[0x4aa307]
[fat:73159] [13] python(PyEval_EvalCode+0x32)[0x4aa412]
[fat:73159] [14] python(PyRun_FileExFlags+0x13e)[0x4ca8ee]
[fat:73159] [15] python(PyRun_SimpleFileExFlags+0xe7)[0x4cab17]
[fat:73159] [16] python(Py_Main+0xb22)[0x414de2]
[fat:73159] [17] /lib64/libc.so.6(__libc_start_main+0xfd)[0x33e661ecdd]
[fat:73159] [18] python[0x413ec9]
[fat:73159] *** End of error message ***
run.sh: line 9: 73159 浮点数例外         (core dumped) python result.py $name_1 $name_2
step 1 ok
/home/mtx/data/tide/outdata/haloes/halo/bias_smooth2.5_m3/0.000halo00_wfPk_kappa.hdf5 /home/mtx/data/tide/outdata/haloes/halo/bias_smooth2.5_m3/PS_KK
[fat:73907] *** Process received signal ***
[fat:73907] Signal: Floating point exception (8)
[fat:73907] Signal code: Integer divide-by-zero (1)
[fat:73907] Failing at address: 0x7ff8cc2d770d
[fat:73907] [ 0] /lib64/libpthread.so.0[0x33e6e0f4a0]
[fat:73907] [ 1] /opt/python-2.7.5-mkl/lib/python2.7/site-packages/numpy/fft/fftpack_lite.so(cfftf+0xcd)[0x7ff8cc2d770d]
[fat:73907] [ 2] /opt/python-2.7.5-mkl/lib/python2.7/site-packages/numpy/fft/fftpack_lite.so(fftpack_cfftf+0x1b2)[0x7ff8cc2d42c2]
[fat:73907] [ 3] python(PyEval_EvalFrameEx+0x5600)[0x4a8820]
[fat:73907] [ 4] python(PyEval_EvalCodeEx+0x877)[0x4aa307]
[fat:73907] [ 5] python(PyEval_EvalFrameEx+0x5294)[0x4a84b4]
[fat:73907] [ 6] python(PyEval_EvalCodeEx+0x877)[0x4aa307]
[fat:73907] [ 7] python(PyEval_EvalFrameEx+0x5294)[0x4a84b4]
[fat:73907] [ 8] python(PyEval_EvalCodeEx+0x877)[0x4aa307]
[fat:73907] [ 9] python(PyEval_EvalFrameEx+0x5294)[0x4a84b4]
[fat:73907] [10] python(PyEval_EvalCodeEx+0x877)[0x4aa307]
[fat:73907] [11] python(PyEval_EvalFrameEx+0x5294)[0x4a84b4]
[fat:73907] [12] python(PyEval_EvalCodeEx+0x877)[0x4aa307]
[fat:73907] [13] python(PyEval_EvalFrameEx+0x5294)[0x4a84b4]
[fat:73907] [14] python(PyEval_EvalCodeEx+0x877)[0x4aa307]
[fat:73907] [15] python(PyEval_EvalCode+0x32)[0x4aa412]
[fat:73907] [16] python(PyRun_FileExFlags+0x13e)[0x4ca8ee]
[fat:73907] [17] python(PyRun_SimpleFileExFlags+0xe7)[0x4cab17]
[fat:73907] [18] python(Py_Main+0xb22)[0x414de2]
[fat:73907] [19] /lib64/libc.so.6(__libc_start_main+0xfd)[0x33e661ecdd]
[fat:73907] [20] python[0x413ec9]
[fat:73907] *** End of error message ***
run2.sh: line 12: 73907 浮点数例外         (core dumped) python get_wfPk.py $name_1 $name_2
step 2 ok
**************************END IN:    2016/01/25_15:45:31******************************************

------------------------------------------------------------------------------------------

**************************************2016/01/25_15:58:12******************************************
/home/mtx/data/tide/outdata/haloes/halo/bias_smooth2.5_m3/0.000halo00_wfPk_kappa.hdf5 /home/mtx/data/tide/outdata/haloes/halo/bias_smooth2.5_m3/PS_KK
/home/mtx/github/Tide/src/TIDES.py:116: RuntimeWarning: invalid value encountered in sqrt
  return (fk(k)/Pk(k)/Q)**0.5/k
/home/zhm/haloes/halorhobin1024m3z0.000.dat
/home/mtx/data/tide/outdata/haloes/halo/bias_smooth2.5_m3/
Loading data.................
Save data....................
calculating deltaW...........
deltagx is ok
deltagy is ok
calculating gamma............
calculating kappa_3dx........
calculating kappa_3dx......OK
Save data....................
Loading data.................
Save data....................
Save data....................
Save data....................
step 1 ok
/home/mtx/data/tide/outdata/haloes/halo/bias_smooth2.5_m3/0.000halo00_wfPk_kappa.hdf5 /home/mtx/data/tide/outdata/haloes/halo/bias_smooth2.5_m3/PS_KK
/home/mtx/data/tide/outdata/haloes/halo/bias_smooth2.5_m3/
Loading hdf5
Loading data.................
Save data....................
Save data....................
Save data....................
step 2 ok
**************************END IN:    2016/01/25_18:53:20******************************************
