/home/mtx/data/tide/outdata/tides00/halo/smooth1.00/0.000halo00_wfPk_kappa.hdf5 /home/mtx/data/tide/outdata/tides00/halo/smooth1.00/PS_KK
/home/mtx/github/Tide/src/TIDES.py:112: RuntimeWarning: invalid value encountered in sqrt
  return (fk(k)/Pk(k)/Q)**0.5/k
/home/zhm/tides00/0.000halo00.bin
/home/mtx/data/tide/outdata/tides00/halo/smooth1.00/
Loading data.................
Smoothing....................
Smoothing..................OK
calculating deltaW...........
deltagx is ok
deltagy is ok
calculating gamma............
calculating kappa_3dx........
calculating kappa_3dx......OK
Save data....................
Save data....................
Save data....................
Save data....................
step 1 ok
/home/mtx/data/tide/outdata/tides00/halo/smooth1.00/0.000halo00_wfPk_kappa.hdf5 /home/mtx/data/tide/outdata/tides00/halo/smooth1.00/PS_KK
/home/mtx/data/tide/outdata/tides00/halo/smooth1.00/
Loading hdf5
Loading data.................
Save data....................
Save data....................
Save data....................
step 2 ok
