------------------------------------------------------------------------------------------
**************************************2016/02/12_09:25:00******************************************
Loading data  in  filename
================================================================================
smoothing...
smoothing end, time: 3m 0s
Gau.................................
step 1
time: 15m 49s
step 2
time: 8m 26s
sum1= 0.999999063296
sum2= 1.0
Save data....................
step 3
time: 6m 2s
Gau... end, time: 30m 18s
================================================================================
starting cal wdengx wdengy
/home/mtx/github/Tide/src/TIDES.py:116: RuntimeWarning: invalid value encountered in sqrt
  return (fk(k)/Pk(k)/Q)**0.5/k
wdengx wdengy , time: 5m 7s
================================================================================
Cal kappa
Loading data  in  filename
Cal kappa end, time: 8m 55s
Save data....................
Save data....................
Save data....................
Save data....................
================================================================================
Cal wkkappa
Loading data  in  filename
Loading hdf5
Save data....................
**************************END IN:    2016/02/12_10:35:46******************************************
