/home/mtx/data/tide/outdata/tides00/halo/smooth3.00/wf/0.000halo00_wfPk_kappa.hdf5 /home/mtx/data/tide/outdata/tides00/halo/smooth3.00/wf/PS_KK
step 1 ok
/home/mtx/data/tide/outdata/tides00/halo/smooth3.00/wf/0.000halo00_wfPk_kappa.hdf5 /home/mtx/data/tide/outdata/tides00/halo/smooth3.00/wf/PS_KK
/home/mtx/data/tide/outdata/tides00/halo/smooth3.00/wf/
Loading hdf5
Smoothing....................
Smoothing..................OK
Loading data.................
Save data....................
Save data....................
Save data....................
step 2 ok
/home/mtx/data/tide/outdata/tides00/halo/smooth3.00/wf/0.000halo00_wfPk_kappa.hdf5 /home/mtx/data/tide/outdata/tides00/halo/smooth3.00/wf/PS_KK
step 1 ok
/home/mtx/data/tide/outdata/tides00/halo/smooth3.00/wf/0.000halo00_wfPk_kappa.hdf5 /home/mtx/data/tide/outdata/tides00/halo/smooth3.00/wf/PS_KK
/home/mtx/data/tide/outdata/tides00/halo/smooth3.00/wf/
Loading hdf5
Smoothing....................
Smoothing..................OK
Loading data.................
Save data....................
Save data....................
Save data....................
step 2 ok
