dens
[[[ 0.21496582  0.28149414  0.35498047 ...,  0.39453125  0.4987793
    0.60888672]
  [ 0.35498047  0.4699707   0.48095703 ...,  0.20629883  0.27075195
    0.35351562]
  [ 0.46459961  0.54589844  0.47924805 ...,  0.15649414  0.15783691
    0.17114258]
  ..., 
  [ 0.50585938  0.74560547  0.95263672 ...,  0.27270508  0.52587891
    1.16992188]
  [ 0.54492188  0.67871094  0.70703125 ...,  0.25683594  0.54833984
    1.17089844]
  [ 0.74511719  0.8203125   0.68994141 ...,  0.3190918   0.86376953
    1.91015625]]

 [[ 0.26245117  0.37255859  0.44189453 ...,  0.20751953  0.26538086
    0.38891602]
  [ 0.37719727  0.52099609  0.53222656 ...,  0.12091064  0.14904785
    0.20568848]
  [ 0.39160156  0.47607422  0.45336914 ...,  0.11962891  0.11669922
    0.12249756]
  ..., 
  [ 0.55419922  0.83398438  1.11035156 ...,  0.48022461  0.75488281
    1.27050781]
  [ 0.65136719  0.85839844  0.92529297 ...,  0.43994141  0.71679688
    1.14453125]
  [ 0.84960938  1.10351562  1.00195312 ...,  0.47436523  0.97412109
    1.72753906]]

 [[ 0.34912109  0.52636719  0.57421875 ...,  0.12585449  0.16125488
    0.26416016]
  [ 0.47851562  0.69775391  0.69482422 ...,  0.08514404  0.10339355
    0.13842773]
  [ 0.41918945  0.55029297  0.55810547 ...,  0.09063721  0.09814453
    0.11071777]
  ..., 
  [ 0.50341797  0.71337891  0.93261719 ...,  0.71826172  0.76269531
    0.89599609]
  [ 0.65820312  0.80371094  0.84619141 ...,  0.62744141  0.67236328
    0.73388672]
  [ 0.83740234  1.02734375  0.91943359 ...,  0.55957031  0.74121094
    0.93505859]]

 ..., 
 [[ 0.32446289  0.2890625   0.26977539 ...,  0.16174316  0.25195312
    0.36621094]
  [ 0.23022461  0.21105957  0.21166992 ...,  0.17773438  0.22705078
    0.30517578]
  [ 0.18225098  0.16027832  0.16943359 ...,  0.31396484  0.33056641
    0.37939453]
  ..., 
  [ 0.4597168   0.41235352  0.32592773 ...,  1.94726562  1.2578125
    0.83740234]
  [ 0.51123047  0.46801758  0.37304688 ...,  1.76367188  1.16894531
    0.67626953]
  [ 0.45288086  0.46069336  0.46777344 ...,  1.35742188  0.82470703
    0.4909668 ]]

 [[ 0.48339844  0.41381836  0.38476562 ...,  0.23535156  0.32446289
    0.42480469]
  [ 0.40869141  0.34008789  0.33544922 ...,  0.29101562  0.35644531
    0.41333008]
  [ 0.36499023  0.27539062  0.27368164 ...,  0.4621582   0.53271484
    0.54541016]
  ..., 
  [ 0.27929688  0.25805664  0.21850586 ...,  1.55859375  1.02246094
    0.76757812]
  [ 0.31811523  0.29052734  0.24645996 ...,  1.47167969  1.0234375
    0.65478516]
  [ 0.34472656  0.3449707   0.34814453 ...,  1.26953125  0.87597656
    0.57666016]]

 [[ 0.72509766  0.63427734  0.55224609 ...,  0.36328125  0.45605469
    0.49487305]
  [ 0.75683594  0.58691406  0.54003906 ...,  0.41625977  0.50927734
    0.51953125]
  [ 0.85595703  0.53564453  0.45166016 ...,  0.55517578  0.67822266
    0.64794922]
  ..., 
  [ 0.15307617  0.14172363  0.13635254 ...,  0.87109375  0.56835938
    0.48535156]
  [ 0.18774414  0.16503906  0.14746094 ...,  0.94628906  0.71191406
    0.56347656]
  [ 0.25854492  0.24658203  0.23986816 ...,  1.04199219  0.84179688
    0.71435547]]] 


my output:
[[[ 0.21496582  0.28149414  0.35498047 ...,  0.39453125  0.4987793
    0.60888672]
  [ 0.35498047  0.47021484  0.48095703 ...,  0.20629883  0.27075195
    0.35375977]
  [ 0.46459961  0.54589844  0.47924805 ...,  0.15649414  0.15783691
    0.17114258]
  ..., 
  [ 0.50585938  0.74560547  0.953125   ...,  0.27270508  0.52587891
    1.16992188]
  [ 0.54492188  0.67871094  0.70703125 ...,  0.25683594  0.54833984
    1.17089844]
  [ 0.74511719  0.8203125   0.68994141 ...,  0.3190918   0.86376953
    1.90917969]]

 [[ 0.26245117  0.37255859  0.44189453 ...,  0.20751953  0.26538086
    0.38891602]
  [ 0.37719727  0.52099609  0.53222656 ...,  0.12091064  0.14892578
    0.20568848]
  [ 0.39160156  0.47607422  0.45336914 ...,  0.11956787  0.11669922
    0.12249756]
  ..., 
  [ 0.55419922  0.83398438  1.11035156 ...,  0.48022461  0.75488281
    1.27050781]
  [ 0.65136719  0.85839844  0.92529297 ...,  0.43994141  0.71679688
    1.14453125]
  [ 0.84960938  1.10351562  1.00195312 ...,  0.47436523  0.97412109
    1.72753906]]

 [[ 0.34912109  0.52636719  0.57421875 ...,  0.12585449  0.16125488
    0.26416016]
  [ 0.47851562  0.69775391  0.69482422 ...,  0.08514404  0.10339355
    0.13842773]
  [ 0.41918945  0.55029297  0.55810547 ...,  0.09063721  0.09814453
    0.11071777]
  ..., 
  [ 0.50341797  0.71337891  0.93261719 ...,  0.71826172  0.76269531
    0.89599609]
  [ 0.65820312  0.80371094  0.84619141 ...,  0.62744141  0.67236328
    0.73388672]
  [ 0.83740234  1.02734375  0.91943359 ...,  0.55957031  0.74121094
    0.93505859]]

 ..., 
 [[ 0.32446289  0.2890625   0.26977539 ...,  0.16174316  0.25195312
    0.36621094]
  [ 0.23022461  0.21105957  0.21166992 ...,  0.17773438  0.22705078
    0.30517578]
  [ 0.18225098  0.16027832  0.16943359 ...,  0.31396484  0.33056641
    0.37939453]
  ..., 
  [ 0.4597168   0.41210938  0.32592773 ...,  1.94726562  1.2578125
    0.83740234]
  [ 0.51123047  0.46801758  0.37304688 ...,  1.76367188  1.16894531
    0.67626953]
  [ 0.45288086  0.46069336  0.46777344 ...,  1.35742188  0.82470703
    0.4909668 ]]

 [[ 0.48339844  0.41381836  0.38500977 ...,  0.23535156  0.32446289
    0.42456055]
  [ 0.40869141  0.34033203  0.33544922 ...,  0.29101562  0.35644531
    0.41333008]
  [ 0.36499023  0.27539062  0.27368164 ...,  0.4621582   0.53271484
    0.54541016]
  ..., 
  [ 0.27929688  0.25805664  0.21838379 ...,  1.55761719  1.02246094
    0.76757812]
  [ 0.31811523  0.29052734  0.24645996 ...,  1.47167969  1.0234375
    0.65478516]
  [ 0.34472656  0.3449707   0.34814453 ...,  1.26855469  0.87597656
    0.57666016]]

 [[ 0.72509766  0.63427734  0.55273438 ...,  0.36328125  0.45605469
    0.49487305]
  [ 0.75683594  0.58691406  0.54003906 ...,  0.41625977  0.50927734
    0.51953125]
  [ 0.85595703  0.53564453  0.45166016 ...,  0.55517578  0.67822266
    0.64794922]
  ..., 
  [ 0.15307617  0.14172363  0.13635254 ...,  0.87109375  0.56835938
    0.48535156]
  [ 0.18774414  0.16503906  0.14746094 ...,  0.94628906  0.71191406
    0.56347656]
  [ 0.25854492  0.24658203  0.23986816 ...,  1.04199219  0.84179688
    0.71435547]]] 


2094.0
