------------------------------------------------------------------------------------------
**************************************2016/03/23_15:41:09******************************************
outdir: /project/mtx/output/tides10/halo_0.0048_2.5/
Loading data  in  filename
================================================================================
smoothing...
Save data....................
smoothing end, time: 3m 23s
Gau.................................
step 1
time: 11m 51s
step 2
time: 6m 1s
sum1= 0.999999879529
sum2= 0.999999999999
Save data....................
step 3
time: 5m 0s
Gau... end, time: 22m 53s
================================================================================
starting cal wdengx wdengy
/home/mtx/github/Tide/src/TIDES.py:116: RuntimeWarning: invalid value encountered in sqrt
  return (fk(k)/Pk(k)/Q)**0.5/k
wdengx wdengy , time: 5m 16s
================================================================================
Cal kappa
step1 ok
step2 ok
step3 ok
step4 ok
step5 ok
Loading data  in  filename
step6 ok
step7 ok
Cal kappa end, time: 7m 37s
step8 ok
Save data....................
Save data....................
step9 ok
Save data....................
Save data....................
**************************END IN:    2016/03/23_16:27:31******************************************
------------------------------------------------------------------------------------------
**************************************2016/03/23_16:27:31******************************************
outdir: /project/mtx/output/tides11/halo_0.0048_2.5/
Loading data  in  filename
================================================================================
smoothing...
Save data....................
smoothing end, time: 3m 21s
Gau.................................
step 1
time: 11m 49s
step 2
time: 6m 1s
sum1= 0.999999879628
sum2= 1.0
Save data....................
step 3
time: 5m 1s
Gau... end, time: 22m 52s
================================================================================
starting cal wdengx wdengy
/home/mtx/github/Tide/src/TIDES.py:116: RuntimeWarning: invalid value encountered in sqrt
  return (fk(k)/Pk(k)/Q)**0.5/k
wdengx wdengy , time: 5m 10s
================================================================================
Cal kappa
step1 ok
step2 ok
step3 ok
step4 ok
step5 ok
Loading data  in  filename
step6 ok
step7 ok
Cal kappa end, time: 7m 29s
step8 ok
Save data....................
Save data....................
step9 ok
Save data....................
Save data....................
rm: cannot remove `result_b': No such file or directory
rm: cannot remove `result_W': No such file or directory
**************************END IN:    2016/03/23_17:13:46******************************************
------------------------------------------------------------------------------------------
**************************************2016/03/23_17:13:46******************************************
outdir: /project/mtx/output/tides12/halo_0.0048_2.5/
Loading data  in  filename
================================================================================
smoothing...
Save data....................
smoothing end, time: 3m 24s
Gau.................................
step 1
time: 11m 57s
step 2
time: 6m 2s
sum1= 0.999999879594
sum2= 0.999999999999
Save data....................
step 3
time: 5m 0s
Gau... end, time: 23m 1s
================================================================================
starting cal wdengx wdengy
/home/mtx/github/Tide/src/TIDES.py:116: RuntimeWarning: invalid value encountered in sqrt
  return (fk(k)/Pk(k)/Q)**0.5/k
wdengx wdengy , time: 5m 13s
================================================================================
Cal kappa
step1 ok
step2 ok
step3 ok
step4 ok
step5 ok
Loading data  in  filename
step6 ok
step7 ok
Cal kappa end, time: 7m 31s
step8 ok
Save data....................
Save data....................
step9 ok
Save data....................
Save data....................
rm: cannot remove `result_b': No such file or directory
rm: cannot remove `result_W': No such file or directory
**************************END IN:    2016/03/23_18:00:00******************************************
------------------------------------------------------------------------------------------
**************************************2016/03/23_18:00:00******************************************
outdir: /project/mtx/output/tides13/halo_0.0048_2.5/
Loading data  in  filename
================================================================================
smoothing...
Save data....................
smoothing end, time: 3m 22s
Gau.................................
step 1
time: 11m 48s
step 2
time: 6m 2s
sum1= 0.99999987959
sum2= 1.0
Save data....................
step 3
time: 5m 4s
Gau... end, time: 22m 55s
================================================================================
starting cal wdengx wdengy
/home/mtx/github/Tide/src/TIDES.py:116: RuntimeWarning: invalid value encountered in sqrt
  return (fk(k)/Pk(k)/Q)**0.5/k
wdengx wdengy , time: 5m 16s
================================================================================
Cal kappa
step1 ok
step2 ok
step3 ok
step4 ok
step5 ok
Loading data  in  filename
step6 ok
step7 ok
Cal kappa end, time: 7m 44s
step8 ok
Save data....................
Save data....................
step9 ok
Save data....................
Save data....................
rm: cannot remove `result_b': No such file or directory
rm: cannot remove `result_W': No such file or directory
**************************END IN:    2016/03/23_18:47:45******************************************
------------------------------------------------------------------------------------------
**************************************2016/03/23_18:47:45******************************************
outdir: /project/mtx/output/tides14/halo_0.0048_2.5/
Loading data  in  filename
================================================================================
smoothing...
Save data....................
smoothing end, time: 3m 38s
Gau.................................
step 1
time: 11m 46s
step 2
time: 6m 7s
sum1= 0.999999879696
sum2= 1.0
Save data....................
step 3
time: 5m 3s
Gau... end, time: 22m 57s
================================================================================
starting cal wdengx wdengy
/home/mtx/github/Tide/src/TIDES.py:116: RuntimeWarning: invalid value encountered in sqrt
  return (fk(k)/Pk(k)/Q)**0.5/k
wdengx wdengy , time: 5m 11s
================================================================================
Cal kappa
step1 ok
step2 ok
step3 ok
step4 ok
step5 ok
Loading data  in  filename
step6 ok
step7 ok
Cal kappa end, time: 7m 32s
step8 ok
Save data....................
Save data....................
step9 ok
Save data....................
Save data....................
rm: cannot remove `result_b': No such file or directory
rm: cannot remove `result_W': No such file or directory
**************************END IN:    2016/03/23_19:35:15******************************************
------------------------------------------------------------------------------------------
**************************************2016/03/23_19:35:15******************************************
outdir: /project/mtx/output/tides15/halo_0.0048_2.5/
Loading data  in  filename
================================================================================
smoothing...
Save data....................
smoothing end, time: 3m 20s
Gau.................................
step 1
time: 11m 42s
step 2
time: 6m 3s
sum1= 0.999999879649
sum2= 1.0
Save data....................
step 3
time: 5m 2s
Gau... end, time: 22m 48s
================================================================================
starting cal wdengx wdengy
/home/mtx/github/Tide/src/TIDES.py:116: RuntimeWarning: invalid value encountered in sqrt
  return (fk(k)/Pk(k)/Q)**0.5/k
wdengx wdengy , time: 5m 12s
================================================================================
Cal kappa
step1 ok
step2 ok
step3 ok
step4 ok
step5 ok
Loading data  in  filename
step6 ok
step7 ok
Cal kappa end, time: 7m 42s
step8 ok
Save data....................
Save data....................
step9 ok
Save data....................
Save data....................
rm: cannot remove `result_b': No such file or directory
rm: cannot remove `result_W': No such file or directory
**************************END IN:    2016/03/23_20:21:28******************************************
bias [[  1.62891109e-02   1.52514518e-02   1.44735495e-02   1.45611536e-02
    1.34540899e-02   7.48716522e-03  -5.84569211e-03   1.00000000e+00
    1.00000000e+00   1.00000000e+00]
 [  1.53852227e-02   1.48811723e-02   1.48549628e-02   1.43911859e-02
    1.30563585e-02   7.44912688e-03  -5.94427745e-03   1.00000000e+00
    1.00000000e+00   1.00000000e+00]
 [  3.86452290e-02   1.30359816e-02   1.47530864e-02   1.41086114e-02
    1.30929117e-02   7.31176099e-03  -5.97336109e-03   1.00000000e+00
    1.00000000e+00   1.00000000e+00]
 [  2.08019882e-02   1.32473663e-02   1.45949144e-02   1.34115995e-02
    1.23076426e-02   6.74724693e-03  -6.24465279e-03   1.00000000e+00
    1.00000000e+00   1.00000000e+00]
 [  3.68104136e-02  -3.92315946e-04   1.15982096e-02   1.22783411e-02
    1.01879416e-02   5.04952532e-03  -6.97910823e-03   1.00000000e+00
    1.00000000e+00   1.00000000e+00]
 [ -1.66834529e-01  -3.91985746e-02   5.53039811e-03   4.63497387e-03
    5.01307915e-03   3.51945005e-04  -9.28776650e-03   1.00000000e+00
    1.00000000e+00   1.00000000e+00]
 [ -7.27999286e-01   1.71809813e-01  -2.11342958e-02  -3.08079208e-03
   -2.79460879e-03  -8.67898581e-03  -1.26542255e-02   1.00000000e+00
    1.00000000e+00   1.00000000e+00]
 [  1.00000000e+00   1.00000000e+00   1.00000000e+00   1.00000000e+00
    1.00000000e+00   1.00000000e+00   1.00000000e+00   1.00000000e+00
    1.00000000e+00   1.00000000e+00]
 [  1.00000000e+00   1.00000000e+00   1.00000000e+00   1.00000000e+00
    1.00000000e+00   1.00000000e+00   1.00000000e+00   1.00000000e+00
    1.00000000e+00   1.00000000e+00]
 [  1.00000000e+00   1.00000000e+00   1.00000000e+00   1.00000000e+00
    1.00000000e+00   1.00000000e+00   1.00000000e+00   1.00000000e+00
    1.00000000e+00   1.00000000e+00]]
wiener [[  6.10724462e-01   8.37633536e-01   8.53345723e-01   7.44955700e-01
    5.40293756e-01   1.30732738e-01   5.02647591e-02   1.00000000e+00
    1.00000000e+00   1.00000000e+00]
 [  1.19785910e-01   5.44043966e-01   7.36061330e-01   7.00264300e-01
    4.91586688e-01   1.29290974e-01   5.19607209e-02   1.00000000e+00
    1.00000000e+00   1.00000000e+00]
 [  8.94845103e-02   8.54403681e-02   4.15909746e-01   5.52408214e-01
    4.61909816e-01   1.21329124e-01   5.19829837e-02   1.00000000e+00
    1.00000000e+00   1.00000000e+00]
 [  1.06832050e-02   6.80454391e-03   6.83258974e-02   2.31807127e-01
    2.95208346e-01   9.06635364e-02   5.54297147e-02   1.00000000e+00
    1.00000000e+00   1.00000000e+00]
 [  2.45236289e-03   6.62055641e-04   3.36432114e-03   2.82713797e-02
    8.09001808e-02   3.49198344e-02   6.29192564e-02   1.00000000e+00
    1.00000000e+00   1.00000000e+00]
 [  1.36543229e-03   8.87053276e-04   2.06602205e-04   3.38751517e-04
    2.90876551e-03   7.60230097e-05   8.33275571e-02   1.00000000e+00
    1.00000000e+00   1.00000000e+00]
 [  2.29044998e-03   1.27975102e-03   1.11599285e-04   5.45313536e-05
    1.08363085e-04   9.11296216e-03   8.91712337e-02   1.00000000e+00
    1.00000000e+00   1.00000000e+00]
 [  1.00000000e+00   1.00000000e+00   1.00000000e+00   1.00000000e+00
    1.00000000e+00   1.00000000e+00   1.00000000e+00   1.00000000e+00
    1.00000000e+00   1.00000000e+00]
 [  1.00000000e+00   1.00000000e+00   1.00000000e+00   1.00000000e+00
    1.00000000e+00   1.00000000e+00   1.00000000e+00   1.00000000e+00
    1.00000000e+00   1.00000000e+00]
 [  1.00000000e+00   1.00000000e+00   1.00000000e+00   1.00000000e+00
    1.00000000e+00   1.00000000e+00   1.00000000e+00   1.00000000e+00
    1.00000000e+00   1.00000000e+00]]
------------------------------------------------------------------------------------------
**************************************2016/03/23_20:21:29******************************************
================================================================================
Cal wkkappa
Loading data  in  filename
Loading hdf5
Save data....................
**************************END IN:    2016/03/23_20:34:02******************************************
------------------------------------------------------------------------------------------
**************************************2016/03/23_20:34:02******************************************
================================================================================
Cal wkkappa
Loading data  in  filename
Loading hdf5
Save data....................
**************************END IN:    2016/03/23_20:46:50******************************************
------------------------------------------------------------------------------------------
**************************************2016/03/23_20:46:50******************************************
================================================================================
Cal wkkappa
Loading data  in  filename
Loading hdf5
Save data....................
**************************END IN:    2016/03/23_20:59:48******************************************
------------------------------------------------------------------------------------------
**************************************2016/03/23_20:59:48******************************************
================================================================================
Cal wkkappa
Loading data  in  filename
Loading hdf5
Save data....................
**************************END IN:    2016/03/23_21:12:25******************************************
------------------------------------------------------------------------------------------
**************************************2016/03/23_21:12:25******************************************
================================================================================
Cal wkkappa
Loading data  in  filename
Loading hdf5
Save data....................
**************************END IN:    2016/03/23_21:24:59******************************************
------------------------------------------------------------------------------------------
**************************************2016/03/23_21:24:59******************************************
================================================================================
Cal wkkappa
Loading data  in  filename
Loading hdf5
Save data....................
**************************END IN:    2016/03/23_21:38:56******************************************
====================================================================================================
------------------------------------------------------------------------------------------
**************************************2016/03/23_22:34:54******************************************
outdir: /project/mtx/output/tides10/halo_0.0048_2.0/
Loading data  in  filename
================================================================================
smoothing...
Save data....................
smoothing end, time: 3m 19s
Gau.................................
step 1
time: 11m 51s
step 2
time: 6m 10s
sum1= 0.999999879531
sum2= 1.0
Save data....................
step 3
time: 5m 1s
Gau... end, time: 23m 3s
================================================================================
starting cal wdengx wdengy
/home/mtx/github/Tide/src/TIDES.py:116: RuntimeWarning: invalid value encountered in sqrt
  return (fk(k)/Pk(k)/Q)**0.5/k
wdengx wdengy , time: 5m 14s
================================================================================
Cal kappa
step1 ok
step2 ok
step3 ok
step4 ok
step5 ok
Loading data  in  filename
step6 ok
step7 ok
Cal kappa end, time: 7m 16s
step8 ok
Save data....................
Save data....................
step9 ok
Save data....................
Save data....................
**************************END IN:    2016/03/23_23:21:01******************************************
------------------------------------------------------------------------------------------
**************************************2016/03/23_23:21:01******************************************
outdir: /project/mtx/output/tides11/halo_0.0048_2.0/
Loading data  in  filename
================================================================================
smoothing...
Save data....................
smoothing end, time: 3m 20s
Gau.................................
step 1
time: 11m 50s
step 2
time: 58m 37s
sum1= 0.999999879629
sum2= 1.0
Save data....................
step 3
time: 17m 54s
Gau... end, time: 88m 22s
================================================================================
starting cal wdengx wdengy
/home/mtx/github/Tide/src/TIDES.py:116: RuntimeWarning: invalid value encountered in sqrt
  return (fk(k)/Pk(k)/Q)**0.5/k
wdengx wdengy , time: 6m 8s
================================================================================
Cal kappa
step1 ok
step2 ok
step3 ok
step4 ok
step5 ok
Loading data  in  filename
step6 ok
step7 ok
Cal kappa end, time: 7m 42s
step8 ok
Save data....................
Save data....................
step9 ok
Save data....................
Save data....................
rm: cannot remove `result_b': No such file or directory
rm: cannot remove `result_W': No such file or directory
**************************END IN:    2016/03/24_01:13:52******************************************
------------------------------------------------------------------------------------------
**************************************2016/03/24_01:13:52******************************************
outdir: /project/mtx/output/tides12/halo_0.0048_2.0/
Loading data  in  filename
================================================================================
smoothing...
Save data....................
smoothing end, time: 3m 23s
Gau.................................
step 1
time: 11m 49s
step 2
time: 6m 2s
sum1= 0.999999879595
sum2= 1.0
Save data....................
step 3
time: 5m 7s
Gau... end, time: 22m 58s
================================================================================
starting cal wdengx wdengy
/home/mtx/github/Tide/src/TIDES.py:116: RuntimeWarning: invalid value encountered in sqrt
  return (fk(k)/Pk(k)/Q)**0.5/k
wdengx wdengy , time: 5m 12s
================================================================================
Cal kappa
step1 ok
step2 ok
step3 ok
step4 ok
step5 ok
Loading data  in  filename
step6 ok
step7 ok
Cal kappa end, time: 7m 45s
step8 ok
Save data....................
Save data....................
step9 ok
Save data....................
Save data....................
rm: cannot remove `result_b': No such file or directory
rm: cannot remove `result_W': No such file or directory
**************************END IN:    2016/03/24_02:00:47******************************************
------------------------------------------------------------------------------------------
**************************************2016/03/24_02:00:47******************************************
outdir: /project/mtx/output/tides13/halo_0.0048_2.0/
Loading data  in  filename
================================================================================
smoothing...
Save data....................
smoothing end, time: 3m 22s
Gau.................................
step 1
time: 11m 55s
step 2
time: 6m 1s
sum1= 0.999999879589
sum2= 1.0
Save data....................
step 3
time: 5m 5s
Gau... end, time: 23m 1s
================================================================================
starting cal wdengx wdengy
/home/mtx/github/Tide/src/TIDES.py:116: RuntimeWarning: invalid value encountered in sqrt
  return (fk(k)/Pk(k)/Q)**0.5/k
wdengx wdengy , time: 5m 12s
================================================================================
Cal kappa
step1 ok
step2 ok
step3 ok
step4 ok
step5 ok
Loading data  in  filename
step6 ok
step7 ok
Cal kappa end, time: 7m 38s
step8 ok
Save data....................
Save data....................
step9 ok
Save data....................
Save data....................
rm: cannot remove `result_b': No such file or directory
rm: cannot remove `result_W': No such file or directory
**************************END IN:    2016/03/24_02:47:37******************************************
------------------------------------------------------------------------------------------
**************************************2016/03/24_02:47:37******************************************
outdir: /project/mtx/output/tides14/halo_0.0048_2.0/
Loading data  in  filename
================================================================================
smoothing...
Save data....................
smoothing end, time: 3m 24s
Gau.................................
step 1
time: 11m 52s
step 2
time: 6m 0s
sum1= 0.999999879694
sum2= 1.0
Save data....................
step 3
time: 5m 2s
Gau... end, time: 22m 55s
================================================================================
starting cal wdengx wdengy
/home/mtx/github/Tide/src/TIDES.py:116: RuntimeWarning: invalid value encountered in sqrt
  return (fk(k)/Pk(k)/Q)**0.5/k
wdengx wdengy , time: 5m 12s
================================================================================
Cal kappa
step1 ok
step2 ok
step3 ok
step4 ok
step5 ok
Loading data  in  filename
step6 ok
step7 ok
Cal kappa end, time: 7m 40s
step8 ok
Save data....................
Save data....................
step9 ok
Save data....................
Save data....................
rm: cannot remove `result_b': No such file or directory
rm: cannot remove `result_W': No such file or directory
**************************END IN:    2016/03/24_03:34:44******************************************
------------------------------------------------------------------------------------------
**************************************2016/03/24_03:34:44******************************************
outdir: /project/mtx/output/tides15/halo_0.0048_2.0/
Loading data  in  filename
================================================================================
smoothing...
Save data....................
smoothing end, time: 3m 19s
Gau.................................
step 1
time: 11m 49s
step 2
time: 6m 1s
sum1= 0.99999987965
sum2= 1.0
Save data....................
step 3
time: 5m 2s
Gau... end, time: 22m 53s
================================================================================
starting cal wdengx wdengy
/home/mtx/github/Tide/src/TIDES.py:116: RuntimeWarning: invalid value encountered in sqrt
  return (fk(k)/Pk(k)/Q)**0.5/k
wdengx wdengy , time: 5m 9s
================================================================================
Cal kappa
step1 ok
step2 ok
step3 ok
step4 ok
step5 ok
Loading data  in  filename
step6 ok
step7 ok
Cal kappa end, time: 7m 39s
step8 ok
Save data....................
Save data....................
step9 ok
Save data....................
Save data....................
rm: cannot remove `result_b': No such file or directory
rm: cannot remove `result_W': No such file or directory
**************************END IN:    2016/03/24_04:22:06******************************************
bias [[ 0.02056691  0.01996266  0.01878806  0.01886411  0.01774808  0.01170543
  -0.00248358  1.          1.          1.        ]
 [ 0.01942934  0.01916837  0.01916475  0.01875375  0.01724566  0.01161163
  -0.00263747  1.          1.          1.        ]
 [ 0.04880137  0.01779091  0.01934803  0.01850024  0.01734982  0.01151773
  -0.0026175   1.          1.          1.        ]
 [ 0.02605229  0.01855978  0.01909216  0.01776901  0.01660916  0.01102874
  -0.00295462  1.          1.          1.        ]
 [ 0.03122283  0.00533524  0.01625351  0.01667105  0.01437422  0.00916468
  -0.00386114  1.          1.          1.        ]
 [-0.1900136  -0.0128657   0.0110571   0.0085301   0.00870768  0.00436288
  -0.00673692  1.          1.          1.        ]
 [-1.36784864  0.2453978  -0.02261234  0.00233314  0.00196338 -0.00585945
  -0.01246401  1.          1.          1.        ]
 [ 1.          1.          1.          1.          1.          1.          1.
   1.          1.          1.        ]
 [ 1.          1.          1.          1.          1.          1.          1.
   1.          1.          1.        ]
 [ 1.          1.          1.          1.          1.          1.          1.
   1.          1.          1.        ]]
wiener [[  6.90853221e-01   8.97865481e-01   9.02699536e-01   8.03352712e-01
    6.17724815e-01   2.15269019e-01   6.59119541e-03   1.00000000e+00
    1.00000000e+00   1.00000000e+00]
 [  1.43164343e-01   6.03061342e-01   7.93419171e-01   7.72119485e-01
    5.69511474e-01   2.10857835e-01   7.41879231e-03   1.00000000e+00
    1.00000000e+00   1.00000000e+00]
 [  9.78788671e-02   1.18279496e-01   4.94874676e-01   6.31388479e-01
    5.39154150e-01   2.01965704e-01   7.20949750e-03   1.00000000e+00
    1.00000000e+00   1.00000000e+00]
 [  9.70003123e-03   9.90505746e-03   8.71619966e-02   2.85922772e-01
    3.67106200e-01   1.63869353e-01   8.92638283e-03   1.00000000e+00
    1.00000000e+00   1.00000000e+00]
 [  2.52951385e-03   7.11159193e-04   4.62593261e-03   3.80289167e-02
    1.13260316e-01   7.86349080e-02   1.36569753e-02   1.00000000e+00
    1.00000000e+00   1.00000000e+00]
 [  2.01184079e-03   9.78149199e-04   2.88104977e-04   7.29394352e-04
    5.82604592e-03   6.50596951e-03   2.91178825e-02   1.00000000e+00
    1.00000000e+00   1.00000000e+00]
 [  2.62660472e-03   1.24247580e-03   1.21958136e-04   4.35021429e-05
    2.86180768e-05   2.13816382e-03   4.53688172e-02   1.00000000e+00
    1.00000000e+00   1.00000000e+00]
 [  1.00000000e+00   1.00000000e+00   1.00000000e+00   1.00000000e+00
    1.00000000e+00   1.00000000e+00   1.00000000e+00   1.00000000e+00
    1.00000000e+00   1.00000000e+00]
 [  1.00000000e+00   1.00000000e+00   1.00000000e+00   1.00000000e+00
    1.00000000e+00   1.00000000e+00   1.00000000e+00   1.00000000e+00
    1.00000000e+00   1.00000000e+00]
 [  1.00000000e+00   1.00000000e+00   1.00000000e+00   1.00000000e+00
    1.00000000e+00   1.00000000e+00   1.00000000e+00   1.00000000e+00
    1.00000000e+00   1.00000000e+00]]
------------------------------------------------------------------------------------------
**************************************2016/03/24_04:22:06******************************************
================================================================================
Cal wkkappa
Loading data  in  filename
Loading hdf5
Save data....................
**************************END IN:    2016/03/24_04:36:02******************************************
------------------------------------------------------------------------------------------
**************************************2016/03/24_04:36:02******************************************
================================================================================
Cal wkkappa
Loading data  in  filename
Loading hdf5
Save data....................
**************************END IN:    2016/03/24_04:49:58******************************************
------------------------------------------------------------------------------------------
**************************************2016/03/24_04:49:59******************************************
================================================================================
Cal wkkappa
Loading data  in  filename
Loading hdf5
Save data....................
**************************END IN:    2016/03/24_05:03:57******************************************
------------------------------------------------------------------------------------------
**************************************2016/03/24_05:03:57******************************************
================================================================================
Cal wkkappa
Loading data  in  filename
Loading hdf5
Save data....................
**************************END IN:    2016/03/24_05:18:15******************************************
------------------------------------------------------------------------------------------
**************************************2016/03/24_05:18:15******************************************
================================================================================
Cal wkkappa
Loading data  in  filename
Loading hdf5
Save data....................
**************************END IN:    2016/03/24_05:32:08******************************************
------------------------------------------------------------------------------------------
**************************************2016/03/24_05:32:08******************************************
================================================================================
Cal wkkappa
Loading data  in  filename
Loading hdf5
Save data....................
**************************END IN:    2016/03/24_05:45:01******************************************
------------------------------------------------------------------------------------------
**************************************2016/04/18_08:46:44******************************************
outdir: /project/mtx/output/tides10/halo_0.0048_3.0/
Loading data  in  filename
================================================================================
smoothing...
Save data....................
Save data....................
smoothing end, time: 4m 36s
================================================================================
Loading hdf5
Gau.................................
step 1
time: 10m 55s
step 2
time: 5m 49s
sum1= 0.999999879531
sum2= 0.999999999999
Save data....................
step 3
time: 5m 3s
Gau... end, time: 21m 56s
Loading hdf5
================================================================================
starting cal wdengx wdengy
/home/mtx/github/Tide/src/TIDES.py:116: RuntimeWarning: invalid value encountered in sqrt
  return (fk(k)/Pk(k)/Q)**0.5/k
wdengx wdengy , time: 4m 14s
================================================================================
Cal kappa
Loading data  in  filename
Cal kappa end, time: 7m 3s
Save data....................
Save data....................
Save data....................
Save data....................
**************************END IN:    2016/04/18_09:32:07******************************************
------------------------------------------------------------------------------------------
**************************************2016/04/18_09:32:07******************************************
outdir: /project/mtx/output/tides11/halo_0.0048_3.0/
Loading data  in  filename
================================================================================
smoothing...
Save data....................
Save data....................
smoothing end, time: 4m 31s
================================================================================
Loading hdf5
Gau.................................
step 1
time: 11m 1s
step 2
time: 5m 52s
sum1= 0.999999879628
sum2= 1.0
Save data....................
step 3
time: 5m 2s
Gau... end, time: 22m 4s
Loading hdf5
================================================================================
starting cal wdengx wdengy
/home/mtx/github/Tide/src/TIDES.py:116: RuntimeWarning: invalid value encountered in sqrt
  return (fk(k)/Pk(k)/Q)**0.5/k
wdengx wdengy , time: 4m 14s
================================================================================
Cal kappa
Loading data  in  filename
Cal kappa end, time: 6m 54s
Save data....................
Save data....................
Save data....................
Save data....................
rm: cannot remove `result_b': No such file or directory
rm: cannot remove `result_W': No such file or directory
**************************END IN:    2016/04/18_10:16:39******************************************
------------------------------------------------------------------------------------------
**************************************2016/04/18_10:16:39******************************************
outdir: /project/mtx/output/tides12/halo_0.0048_3.0/
Loading data  in  filename
================================================================================
smoothing...
Save data....................
Save data....................
smoothing end, time: 4m 34s
================================================================================
Loading hdf5
Gau.................................
Killed by signal 2.
Killed by signal 2.
Killed by signal 2.
rm: cannot remove `result_b': No such file or directory
rm: cannot remove `result_W': No such file or directory
**************************END IN:    2016/04/18_10:33:22******************************************
------------------------------------------------------------------------------------------
**************************************2016/04/18_10:33:22******************************************
