====================================================================================================
/project/mtx/output/tides16/massbin2_0.0024_m1/
Loading hdf5
Loading hdf5
Save data....................
Loading hdf5
Loading hdf5
Save data....................
Loading hdf5
Loading hdf5
Save data....................
Loading hdf5
n bar: 0.00120405266221
shot noise 830.528457255
================================================================================
smoothing...
wiener with Pd, where bias is k-independent, here we set bias=1
wiener with Pd, where bias is k-independent, here we set bias=1
wiener with Pd, where bias is k-independent, here we set bias=1
wiener with Pd, where bias is k-independent, here we set bias=1
wiener with Pd, where bias is k-independent, here we set bias=1
wiener with Pd, where bias is k-independent, here we set bias=1
wiener with Pd, where bias is k-independent, here we set bias=1
wiener with Pd, where bias is k-independent, here we set bias=1
wiener with Pd, where bias is k-independent, here we set bias=1
wiener with Pd, where bias is k-independent, here we set bias=1
wiener with Pd, where bias is k-independent, here we set bias=1
wiener with Pd, where bias is k-independent, here we set bias=1
wiener with Pd, where bias is k-independent, here we set bias=1
wiener with Pd, where bias is k-independent, here we set bias=1
wiener with Pd, where bias is k-independent, here we set bias=1
wiener with Pd, where bias is k-independent, here we set bias=1
sep_smooth.py:69: RuntimeWarning: divide by zero encountered in log10
  logk=np.log10(Kf*k)
Save data....................
Loading hdf5
================================================================================
starting cal wdengx wdengy wdengz
/home/mtx/github/Tide/src/TIDES.py:150: RuntimeWarning: invalid value encountered in sqrt
  return (fk(k)/Pk(k)/Q)**0.5/k
Save data....................
Save data....................
Save data....................
Save data....................
Save data....................
Save data....................
Save data....................
Save data....................
================================================================================
starting cal kappa 3D
Loading hdf5
Loading hdf5
Loading hdf5
Loading hdf5
Loading hdf5
Save data....................
Loading hdf5
Loading hdf5
Save data....................
Loading hdf5
Loading hdf5
Save data....................
/project/mtx/output/tides16/massbin2_0.0024_m1/halo_gm1.hdf5
/project/mtx/output/tides16/massbin2_0.0024_m1/halo_gm2.hdf5
/project/mtx/output/tides16/massbin2_0.0024_m1/halo_gmx.hdf5
/project/mtx/output/tides16/massbin2_0.0024_m1/halo_gmy.hdf5
/project/mtx/output/tides16/massbin2_0.0024_m1/halo_gmz.hdf5
rm: 无法删除"/project/mtx/output/tides16/massbin2_0.0024_m1/haloGau.bin": 没有那个文件或目录
rm: 无法删除"/project/mtx/output/tides16/massbin2_0.0024_m1/haloS1.00.bin": 没有那个文件或目录
====================================================================================================
/project/mtx/output/tides17/massbin2_0.0024_m1/
Loading hdf5
Loading hdf5
Save data....................
Loading hdf5
Loading hdf5
Save data....................
Loading hdf5
Loading hdf5
Save data....................
Loading hdf5
n bar: 0.00120007928257
shot noise 833.278279634
================================================================================
smoothing...
wiener with Pd, where bias is k-independent, here we set bias=1
wiener with Pd, where bias is k-independent, here we set bias=1
wiener with Pd, where bias is k-independent, here we set bias=1
wiener with Pd, where bias is k-independent, here we set bias=1
wiener with Pd, where bias is k-independent, here we set bias=1
wiener with Pd, where bias is k-independent, here we set bias=1
wiener with Pd, where bias is k-independent, here we set bias=1
wiener with Pd, where bias is k-independent, here we set bias=1
wiener with Pd, where bias is k-independent, here we set bias=1
wiener with Pd, where bias is k-independent, here we set bias=1
wiener with Pd, where bias is k-independent, here we set bias=1
wiener with Pd, where bias is k-independent, here we set bias=1
wiener with Pd, where bias is k-independent, here we set bias=1
wiener with Pd, where bias is k-independent, here we set bias=1
wiener with Pd, where bias is k-independent, here we set bias=1
wiener with Pd, where bias is k-independent, here we set bias=1
sep_smooth.py:69: RuntimeWarning: divide by zero encountered in log10
  logk=np.log10(Kf*k)
Save data....................
Loading hdf5
================================================================================
starting cal wdengx wdengy wdengz
/home/mtx/github/Tide/src/TIDES.py:150: RuntimeWarning: invalid value encountered in sqrt
  return (fk(k)/Pk(k)/Q)**0.5/k
Save data....................
Save data....................
Save data....................
Save data....................
Save data....................
Save data....................
Save data....................
Save data....................
================================================================================
starting cal kappa 3D
Loading hdf5
Loading hdf5
Loading hdf5
Loading hdf5
Loading hdf5
Save data....................
Loading hdf5
Loading hdf5
Save data....................
Loading hdf5
Loading hdf5
Save data....................
/project/mtx/output/tides17/massbin2_0.0024_m1/halo_gm1.hdf5
/project/mtx/output/tides17/massbin2_0.0024_m1/halo_gm2.hdf5
/project/mtx/output/tides17/massbin2_0.0024_m1/halo_gmx.hdf5
/project/mtx/output/tides17/massbin2_0.0024_m1/halo_gmy.hdf5
/project/mtx/output/tides17/massbin2_0.0024_m1/halo_gmz.hdf5
rm: 无法删除"/project/mtx/output/tides17/massbin2_0.0024_m1/haloGau.bin": 没有那个文件或目录
rm: 无法删除"/project/mtx/output/tides17/massbin2_0.0024_m1/haloS1.00.bin": 没有那个文件或目录
====================================================================================================
/project/mtx/output/tides18/massbin2_0.0024_m1/
Loading hdf5
Loading hdf5
Save data....................
Loading hdf5
Loading hdf5
Save data....................
Loading hdf5
Loading hdf5
Save data....................
Loading hdf5
n bar: 0.00120077430571
shot noise 832.795967776
================================================================================
smoothing...
wiener with Pd, where bias is k-independent, here we set bias=1
wiener with Pd, where bias is k-independent, here we set bias=1
wiener with Pd, where bias is k-independent, here we set bias=1
wiener with Pd, where bias is k-independent, here we set bias=1
wiener with Pd, where bias is k-independent, here we set bias=1
wiener with Pd, where bias is k-independent, here we set bias=1
wiener with Pd, where bias is k-independent, here we set bias=1
wiener with Pd, where bias is k-independent, here we set bias=1
wiener with Pd, where bias is k-independent, here we set bias=1
wiener with Pd, where bias is k-independent, here we set bias=1
wiener with Pd, where bias is k-independent, here we set bias=1
wiener with Pd, where bias is k-independent, here we set bias=1
wiener with Pd, where bias is k-independent, here we set bias=1
wiener with Pd, where bias is k-independent, here we set bias=1
wiener with Pd, where bias is k-independent, here we set bias=1
wiener with Pd, where bias is k-independent, here we set bias=1
sep_smooth.py:69: RuntimeWarning: divide by zero encountered in log10
  logk=np.log10(Kf*k)
Save data....................
Loading hdf5
================================================================================
starting cal wdengx wdengy wdengz
/home/mtx/github/Tide/src/TIDES.py:150: RuntimeWarning: invalid value encountered in sqrt
  return (fk(k)/Pk(k)/Q)**0.5/k
Save data....................
Save data....................
Save data....................
Save data....................
Save data....................
Save data....................
Save data....................
Save data....................
================================================================================
starting cal kappa 3D
Loading hdf5
Loading hdf5
Loading hdf5
Loading hdf5
Loading hdf5
Save data....................
Loading hdf5
Loading hdf5
Save data....................
Loading hdf5
Loading hdf5
Save data....................
/project/mtx/output/tides18/massbin2_0.0024_m1/halo_gm1.hdf5
/project/mtx/output/tides18/massbin2_0.0024_m1/halo_gm2.hdf5
/project/mtx/output/tides18/massbin2_0.0024_m1/halo_gmx.hdf5
/project/mtx/output/tides18/massbin2_0.0024_m1/halo_gmy.hdf5
/project/mtx/output/tides18/massbin2_0.0024_m1/halo_gmz.hdf5
rm: 无法删除"/project/mtx/output/tides18/massbin2_0.0024_m1/haloGau.bin": 没有那个文件或目录
rm: 无法删除"/project/mtx/output/tides18/massbin2_0.0024_m1/haloS1.00.bin": 没有那个文件或目录
====================================================================================================
/project/mtx/output/tides19/massbin2_0.0024_m1/
Loading hdf5
Loading hdf5
Save data....................
Loading hdf5
Loading hdf5
Save data....................
Loading hdf5
Loading hdf5
Save data....................
Loading hdf5
n bar: 0.00120097164369
shot noise 832.659126677
================================================================================
smoothing...
wiener with Pd, where bias is k-independent, here we set bias=1
wiener with Pd, where bias is k-independent, here we set bias=1
wiener with Pd, where bias is k-independent, here we set bias=1
wiener with Pd, where bias is k-independent, here we set bias=1
wiener with Pd, where bias is k-independent, here we set bias=1
wiener with Pd, where bias is k-independent, here we set bias=1
wiener with Pd, where bias is k-independent, here we set bias=1
wiener with Pd, where bias is k-independent, here we set bias=1
wiener with Pd, where bias is k-independent, here we set bias=1
wiener with Pd, where bias is k-independent, here we set bias=1
wiener with Pd, where bias is k-independent, here we set bias=1
wiener with Pd, where bias is k-independent, here we set bias=1
wiener with Pd, where bias is k-independent, here we set bias=1
wiener with Pd, where bias is k-independent, here we set bias=1
wiener with Pd, where bias is k-independent, here we set bias=1
wiener with Pd, where bias is k-independent, here we set bias=1
sep_smooth.py:69: RuntimeWarning: divide by zero encountered in log10
  logk=np.log10(Kf*k)
Save data....................
Loading hdf5
================================================================================
starting cal wdengx wdengy wdengz
/home/mtx/github/Tide/src/TIDES.py:150: RuntimeWarning: invalid value encountered in sqrt
  return (fk(k)/Pk(k)/Q)**0.5/k
Save data....................
Save data....................
Save data....................
Save data....................
Save data....................
Save data....................
Save data....................
Save data....................
================================================================================
starting cal kappa 3D
Loading hdf5
Loading hdf5
Loading hdf5
Loading hdf5
Loading hdf5
Save data....................
Loading hdf5
Loading hdf5
Save data....................
Loading hdf5
Loading hdf5
Save data....................
/project/mtx/output/tides19/massbin2_0.0024_m1/halo_gm1.hdf5
/project/mtx/output/tides19/massbin2_0.0024_m1/halo_gm2.hdf5
/project/mtx/output/tides19/massbin2_0.0024_m1/halo_gmx.hdf5
/project/mtx/output/tides19/massbin2_0.0024_m1/halo_gmy.hdf5
/project/mtx/output/tides19/massbin2_0.0024_m1/halo_gmz.hdf5
rm: 无法删除"/project/mtx/output/tides19/massbin2_0.0024_m1/haloGau.bin": 没有那个文件或目录
rm: 无法删除"/project/mtx/output/tides19/massbin2_0.0024_m1/haloS1.00.bin": 没有那个文件或目录
====================================================================================================
/project/mtx/output/tides11/massbin2_0.0024_m2/
Loading hdf5
Loading hdf5
Save data....................
Loading hdf5
Loading hdf5
Save data....................
Loading hdf5
Loading hdf5
Save data....................
Loading hdf5
n bar: 0.00120832465295
shot noise 827.592152121
================================================================================
smoothing...
wiener with Pd, where bias is k-independent, here we set bias=1
wiener with Pd, where bias is k-independent, here we set bias=1
wiener with Pd, where bias is k-independent, here we set bias=1
wiener with Pd, where bias is k-independent, here we set bias=1
wiener with Pd, where bias is k-independent, here we set bias=1
wiener with Pd, where bias is k-independent, here we set bias=1
wiener with Pd, where bias is k-independent, here we set bias=1
wiener with Pd, where bias is k-independent, here we set bias=1
wiener with Pd, where bias is k-independent, here we set bias=1
wiener with Pd, where bias is k-independent, here we set bias=1
wiener with Pd, where bias is k-independent, here we set bias=1
wiener with Pd, where bias is k-independent, here we set bias=1
wiener with Pd, where bias is k-independent, here we set bias=1
wiener with Pd, where bias is k-independent, here we set bias=1
wiener with Pd, where bias is k-independent, here we set bias=1
wiener with Pd, where bias is k-independent, here we set bias=1
sep_smooth.py:69: RuntimeWarning: divide by zero encountered in log10
  logk=np.log10(Kf*k)
Save data....................
Loading hdf5
================================================================================
starting cal wdengx wdengy wdengz
/home/mtx/github/Tide/src/TIDES.py:150: RuntimeWarning: invalid value encountered in sqrt
  return (fk(k)/Pk(k)/Q)**0.5/k
Save data....................
Save data....................
Save data....................
Save data....................
Save data....................
Save data....................
Save data....................
Save data....................
================================================================================
starting cal kappa 3D
Loading hdf5
Loading hdf5
Loading hdf5
Loading hdf5
Loading hdf5
Save data....................
Loading hdf5
Loading hdf5
Save data....................
Loading hdf5
Loading hdf5
Save data....................
/project/mtx/output/tides11/massbin2_0.0024_m2/halo_gm1.hdf5
/project/mtx/output/tides11/massbin2_0.0024_m2/halo_gm2.hdf5
/project/mtx/output/tides11/massbin2_0.0024_m2/halo_gmx.hdf5
/project/mtx/output/tides11/massbin2_0.0024_m2/halo_gmy.hdf5
/project/mtx/output/tides11/massbin2_0.0024_m2/halo_gmz.hdf5
rm: 无法删除"/project/mtx/output/tides11/massbin2_0.0024_m2/haloGau.bin": 没有那个文件或目录
rm: 无法删除"/project/mtx/output/tides11/massbin2_0.0024_m2/haloS1.00.bin": 没有那个文件或目录
====================================================================================================
/project/mtx/output/tides12/massbin2_0.0024_m2/
Loading hdf5
Loading hdf5
Save data....................
Loading hdf5
Loading hdf5
Save data....................
Loading hdf5
Loading hdf5
Save data....................
Loading hdf5
n bar: 0.00120725983814
shot noise 828.322096375
================================================================================
smoothing...
wiener with Pd, where bias is k-independent, here we set bias=1
wiener with Pd, where bias is k-independent, here we set bias=1
wiener with Pd, where bias is k-independent, here we set bias=1
wiener with Pd, where bias is k-independent, here we set bias=1
wiener with Pd, where bias is k-independent, here we set bias=1
wiener with Pd, where bias is k-independent, here we set bias=1
wiener with Pd, where bias is k-independent, here we set bias=1
wiener with Pd, where bias is k-independent, here we set bias=1
wiener with Pd, where bias is k-independent, here we set bias=1
wiener with Pd, where bias is k-independent, here we set bias=1
wiener with Pd, where bias is k-independent, here we set bias=1
wiener with Pd, where bias is k-independent, here we set bias=1
wiener with Pd, where bias is k-independent, here we set bias=1
wiener with Pd, where bias is k-independent, here we set bias=1
wiener with Pd, where bias is k-independent, here we set bias=1
wiener with Pd, where bias is k-independent, here we set bias=1
sep_smooth.py:69: RuntimeWarning: divide by zero encountered in log10
  logk=np.log10(Kf*k)
Save data....................
Loading hdf5
================================================================================
starting cal wdengx wdengy wdengz
/home/mtx/github/Tide/src/TIDES.py:150: RuntimeWarning: invalid value encountered in sqrt
  return (fk(k)/Pk(k)/Q)**0.5/k
Save data....................
Save data....................
Save data....................
Save data....................
Save data....................
Save data....................
Save data....................
Save data....................
================================================================================
starting cal kappa 3D
Loading hdf5
Loading hdf5
Loading hdf5
Loading hdf5
Loading hdf5
Save data....................
Traceback (most recent call last):
  File "sep_kappa_3d.py", line 74, in <module>
    Tide.SaveDataHdf5(kappa3d_x,PathKappaoutput+'3D.hdf5')
  File "/home/mtx/github/Tide/src/TIDES.py", line 36, in SaveDataHdf5
    f.close()
  File "/opt/python-2.7.5-mkl/lib/python2.7/site-packages/h5py/_hl/files.py", line 216, in close
    self.id.close()
  File "h5f.pyx", line 269, in h5py.h5f.FileID.close (h5py/h5f.c:3676)
  File "h5f.pyx", line 271, in h5py.h5f.FileID.close (h5py/h5f.c:3607)
IOError: decrementing file ID failed (Object atom: Unable to close file)
[fat:44006] *** Process received signal ***
[fat:44006] Signal: Segmentation fault (11)
[fat:44006] Signal code: Address not mapped (1)
[fat:44006] Failing at address: 0x52c
[fat:44006] [ 0] /lib64/libpthread.so.0[0x33e6e0f4a0]
[fat:44006] [ 1] /opt/hdf5-1.8.12_openmpi_1.8.3_intel13/lib/libhdf5.so.8(+0xd163f)[0x2b798259263f]
[fat:44006] [ 2] /opt/hdf5-1.8.12_openmpi_1.8.3_intel13/lib/libhdf5.so.8(H5I_dec_ref+0x18c)[0x2b7982616b5c]
[fat:44006] [ 3] /opt/hdf5-1.8.12_openmpi_1.8.3_intel13/lib/libhdf5.so.8(H5I_dec_app_ref+0x1d)[0x2b79826168ad]
[fat:44006] [ 4] /opt/hdf5-1.8.12_openmpi_1.8.3_intel13/lib/libhdf5.so.8(H5Idec_ref+0x3c)[0x2b798261677c]
[fat:44006] [ 5] /opt/python-2.7.5-mkl/lib/python2.7/site-packages/h5py/defs.so(+0x2cde9)[0x2b7994e8fde9]
[fat:44006] [ 6] /opt/python-2.7.5-mkl/lib/python2.7/site-packages/h5py/_objects.so(+0x8b9e)[0x2b7994c58b9e]
[fat:44006] [ 7] /opt/python-2.7.5-mkl/lib/python2.7/site-packages/h5py/_objects.so(+0x5a5a)[0x2b7994c55a5a]
[fat:44006] [ 8] /opt/python-2.7.5-mkl/lib/python2.7/site-packages/h5py/_objects.so(+0x901c)[0x2b7994c5901c]
[fat:44006] [ 9] python[0x44cd3b]
[fat:44006] [10] python[0x46b4ee]
[fat:44006] [11] python[0x50c022]
[fat:44006] [12] python[0x4d28ab]
[fat:44006] [13] python[0x4d28bb]
[fat:44006] [14] python[0x44b0d7]
[fat:44006] [15] python(PyDict_SetItem+0x89)[0x44e639]
[fat:44006] [16] python(PyDict_SetItemString+0x40)[0x44eae0]
[fat:44006] [17] python(PyImport_Cleanup+0x105)[0x4bc2b5]
[fat:44006] [18] python(Py_Finalize+0xff)[0x4ca12f]
[fat:44006] [19] python(Py_Main+0x533)[0x4147f3]
[fat:44006] [20] /lib64/libc.so.6(__libc_start_main+0xfd)[0x33e661ecdd]
[fat:44006] [21] python[0x413ec9]
[fat:44006] *** End of error message ***
--------------------------------------------------------------------------
mpirun noticed that process rank 0 with PID 44006 on node fat exited on signal 11 (Segmentation fault).
--------------------------------------------------------------------------
