====================================================================================================
/project/mtx/output/tides11/massbin2_0.0024_combine_cross/
================================================================================
starting cal kappa 3D
Loading hdf5
Loading hdf5
Loading hdf5
Loading hdf5
Loading hdf5
Save data....................
Loading hdf5
Loading hdf5
Save data....................
Loading hdf5
Loading hdf5
Save data....................
/project/mtx/output/tides11/massbin2_0.0024_combine_cross/halo_gm1.hdf5
/project/mtx/output/tides11/massbin2_0.0024_combine_cross/halo_gm2.hdf5
/project/mtx/output/tides11/massbin2_0.0024_combine_cross/halo_gmx.hdf5
/project/mtx/output/tides11/massbin2_0.0024_combine_cross/halo_gmy.hdf5
/project/mtx/output/tides11/massbin2_0.0024_combine_cross/halo_gmz.hdf5
rm: 无法删除"/project/mtx/output/tides11/massbin2_0.0024_combine_cross/haloGau.bin": 没有那个文件或目录
rm: 无法删除"/project/mtx/output/tides11/massbin2_0.0024_combine_cross/haloS1.00.bin": 没有那个文件或目录
====================================================================================================
/project/mtx/output/tides12/massbin2_0.0024_combine_cross/
================================================================================
starting cal kappa 3D
Loading hdf5
Loading hdf5
Loading hdf5
Loading hdf5
Loading hdf5
Save data....................
Loading hdf5
Loading hdf5
Save data....................
Loading hdf5
Loading hdf5
Save data....................
/project/mtx/output/tides12/massbin2_0.0024_combine_cross/halo_gm1.hdf5
/project/mtx/output/tides12/massbin2_0.0024_combine_cross/halo_gm2.hdf5
/project/mtx/output/tides12/massbin2_0.0024_combine_cross/halo_gmx.hdf5
/project/mtx/output/tides12/massbin2_0.0024_combine_cross/halo_gmy.hdf5
/project/mtx/output/tides12/massbin2_0.0024_combine_cross/halo_gmz.hdf5
rm: 无法删除"/project/mtx/output/tides12/massbin2_0.0024_combine_cross/haloGau.bin": 没有那个文件或目录
rm: 无法删除"/project/mtx/output/tides12/massbin2_0.0024_combine_cross/haloS1.00.bin": 没有那个文件或目录
====================================================================================================
/project/mtx/output/tides13/massbin2_0.0024_combine_cross/
================================================================================
starting cal kappa 3D
Loading hdf5
Loading hdf5
Loading hdf5
Loading hdf5
Loading hdf5
Save data....................
Loading hdf5
Loading hdf5
Save data....................
Loading hdf5
Loading hdf5
Save data....................
/project/mtx/output/tides13/massbin2_0.0024_combine_cross/halo_gm1.hdf5
/project/mtx/output/tides13/massbin2_0.0024_combine_cross/halo_gm2.hdf5
/project/mtx/output/tides13/massbin2_0.0024_combine_cross/halo_gmx.hdf5
/project/mtx/output/tides13/massbin2_0.0024_combine_cross/halo_gmy.hdf5
/project/mtx/output/tides13/massbin2_0.0024_combine_cross/halo_gmz.hdf5
rm: 无法删除"/project/mtx/output/tides13/massbin2_0.0024_combine_cross/haloGau.bin": 没有那个文件或目录
rm: 无法删除"/project/mtx/output/tides13/massbin2_0.0024_combine_cross/haloS1.00.bin": 没有那个文件或目录
====================================================================================================
/project/mtx/output/tides14/massbin2_0.0024_combine_cross/
================================================================================
starting cal kappa 3D
Loading hdf5
Loading hdf5
Loading hdf5
Loading hdf5
Loading hdf5
Save data....................
Loading hdf5
Loading hdf5
Save data....................
Loading hdf5
Loading hdf5
Save data....................
/project/mtx/output/tides14/massbin2_0.0024_combine_cross/halo_gm1.hdf5
/project/mtx/output/tides14/massbin2_0.0024_combine_cross/halo_gm2.hdf5
/project/mtx/output/tides14/massbin2_0.0024_combine_cross/halo_gmx.hdf5
/project/mtx/output/tides14/massbin2_0.0024_combine_cross/halo_gmy.hdf5
/project/mtx/output/tides14/massbin2_0.0024_combine_cross/halo_gmz.hdf5
rm: 无法删除"/project/mtx/output/tides14/massbin2_0.0024_combine_cross/haloGau.bin": 没有那个文件或目录
rm: 无法删除"/project/mtx/output/tides14/massbin2_0.0024_combine_cross/haloS1.00.bin": 没有那个文件或目录
====================================================================================================
/project/mtx/output/tides15/massbin2_0.0024_combine_cross/
================================================================================
starting cal kappa 3D
Loading hdf5
Loading hdf5
Loading hdf5
Loading hdf5
Loading hdf5
Save data....................
Loading hdf5
Loading hdf5
Save data....................
Loading hdf5
Loading hdf5
Save data....................
/project/mtx/output/tides15/massbin2_0.0024_combine_cross/halo_gm1.hdf5
/project/mtx/output/tides15/massbin2_0.0024_combine_cross/halo_gm2.hdf5
/project/mtx/output/tides15/massbin2_0.0024_combine_cross/halo_gmx.hdf5
/project/mtx/output/tides15/massbin2_0.0024_combine_cross/halo_gmy.hdf5
/project/mtx/output/tides15/massbin2_0.0024_combine_cross/halo_gmz.hdf5
rm: 无法删除"/project/mtx/output/tides15/massbin2_0.0024_combine_cross/haloGau.bin": 没有那个文件或目录
rm: 无法删除"/project/mtx/output/tides15/massbin2_0.0024_combine_cross/haloS1.00.bin": 没有那个文件或目录
====================================================================================================
/project/mtx/output/tides16/massbin2_0.0024_combine_cross/
================================================================================
starting cal kappa 3D
Loading hdf5
Loading hdf5
Loading hdf5
Loading hdf5
Loading hdf5
Save data....................
Loading hdf5
Loading hdf5
Save data....................
Loading hdf5
Loading hdf5
Save data....................
/project/mtx/output/tides16/massbin2_0.0024_combine_cross/halo_gm1.hdf5
/project/mtx/output/tides16/massbin2_0.0024_combine_cross/halo_gm2.hdf5
/project/mtx/output/tides16/massbin2_0.0024_combine_cross/halo_gmx.hdf5
/project/mtx/output/tides16/massbin2_0.0024_combine_cross/halo_gmy.hdf5
/project/mtx/output/tides16/massbin2_0.0024_combine_cross/halo_gmz.hdf5
rm: 无法删除"/project/mtx/output/tides16/massbin2_0.0024_combine_cross/haloGau.bin": 没有那个文件或目录
rm: 无法删除"/project/mtx/output/tides16/massbin2_0.0024_combine_cross/haloS1.00.bin": 没有那个文件或目录
====================================================================================================
/project/mtx/output/tides17/massbin2_0.0024_combine_cross/
================================================================================
starting cal kappa 3D
Loading hdf5
Loading hdf5
Loading hdf5
Loading hdf5
Loading hdf5
Save data....................
Loading hdf5
Loading hdf5
Save data....................
Loading hdf5
Loading hdf5
Save data....................
/project/mtx/output/tides17/massbin2_0.0024_combine_cross/halo_gm1.hdf5
/project/mtx/output/tides17/massbin2_0.0024_combine_cross/halo_gm2.hdf5
/project/mtx/output/tides17/massbin2_0.0024_combine_cross/halo_gmx.hdf5
/project/mtx/output/tides17/massbin2_0.0024_combine_cross/halo_gmy.hdf5
/project/mtx/output/tides17/massbin2_0.0024_combine_cross/halo_gmz.hdf5
rm: 无法删除"/project/mtx/output/tides17/massbin2_0.0024_combine_cross/haloGau.bin": 没有那个文件或目录
rm: 无法删除"/project/mtx/output/tides17/massbin2_0.0024_combine_cross/haloS1.00.bin": 没有那个文件或目录
====================================================================================================
/project/mtx/output/tides18/massbin2_0.0024_combine_cross/
================================================================================
starting cal kappa 3D
Loading hdf5
Loading hdf5
Loading hdf5
Loading hdf5
Loading hdf5
Save data....................
Loading hdf5
Loading hdf5
Save data....................
Loading hdf5
Loading hdf5
Save data....................
/project/mtx/output/tides18/massbin2_0.0024_combine_cross/halo_gm1.hdf5
/project/mtx/output/tides18/massbin2_0.0024_combine_cross/halo_gm2.hdf5
/project/mtx/output/tides18/massbin2_0.0024_combine_cross/halo_gmx.hdf5
/project/mtx/output/tides18/massbin2_0.0024_combine_cross/halo_gmy.hdf5
/project/mtx/output/tides18/massbin2_0.0024_combine_cross/halo_gmz.hdf5
rm: 无法删除"/project/mtx/output/tides18/massbin2_0.0024_combine_cross/haloGau.bin": 没有那个文件或目录
rm: 无法删除"/project/mtx/output/tides18/massbin2_0.0024_combine_cross/haloS1.00.bin": 没有那个文件或目录
====================================================================================================
/project/mtx/output/tides19/massbin2_0.0024_combine_cross/
================================================================================
starting cal kappa 3D
Loading hdf5
Loading hdf5
Loading hdf5
Loading hdf5
Loading hdf5
Save data....................
Loading hdf5
Loading hdf5
Save data....................
Loading hdf5
Loading hdf5
Save data....................
/project/mtx/output/tides19/massbin2_0.0024_combine_cross/halo_gm1.hdf5
/project/mtx/output/tides19/massbin2_0.0024_combine_cross/halo_gm2.hdf5
/project/mtx/output/tides19/massbin2_0.0024_combine_cross/halo_gmx.hdf5
/project/mtx/output/tides19/massbin2_0.0024_combine_cross/halo_gmy.hdf5
/project/mtx/output/tides19/massbin2_0.0024_combine_cross/halo_gmz.hdf5
rm: 无法删除"/project/mtx/output/tides19/massbin2_0.0024_combine_cross/haloGau.bin": 没有那个文件或目录
rm: 无法删除"/project/mtx/output/tides19/massbin2_0.0024_combine_cross/haloS1.00.bin": 没有那个文件或目录
